<?xml version="1.0" encoding="UTF-8"?>
<robot generator="Robot 3.1.1 (Python 3.7.3 on win32)" generated="20190424 17:42:55.068" rpa="false">
<suite id="s1" name="runJmetter" source="C:\Users\Administrator\ED_Lab\ED\JmetterLibrary\runJmetter.robot">
<test id="s1-t1" name="jmeter2_tc1_justRunJMeter">
<kw name="Run Jmeter" library="JMeterLib">
<doc>Runs JMeter. Returns None.
Parameters:
    - jmeterPath - path to JMeter executable file
    - testPlanPath - path to jmx file
    - logFilePath - path to a log file
    - otherParams (optional) - other parameters to be called
Examples:
| run jmeter | D:/apache-jmeter-2.12/bin/jmeter.bat | D:/Tests/Test1Thread1Loop.jmx | D:/Tests/output1.jtl |
| run jmeter | D:/apache-jmeter-2.12/bin/jmeter.bat | D:/Tests/Test1Thread1Loop.jmx | D:/Tests/output1.jtl | -H my.proxy.server -P 8000 |</doc>
<arguments>
<arg>${JMeter2_path}</arg>
<arg>${JMeter_script_1thread1loop_path}</arg>
<arg>${JMeter_log01_path}</arg>
</arguments>
<msg timestamp="20190424 17:42:56.652" level="INFO">Starting JMeter with following parameters:
 - JMeter path: D:/Robot/apache-jmeter-2.13/bin/jmeter.bat
 - Test plan path: D:/ED/JmetterFile/TC175.jmx
 - Log file path: ED/JmetterLibrary/JMeter_test_files/jmeterTest1Thread1Loop_log01.jtl
 - Other parameters:  .
subprocess.call input list: ['D:/Robot/apache-jmeter-2.13/bin/jmeter.bat', '-n', '-t', 'D:/ED/JmetterFile/TC175.jmx', '-l', 'ED/JmetterLibrary/JMeter_test_files/jmeterTest1Thread1Loop_log01.jtl']
Value returned by JMeter: 0</msg>
<status status="PASS" starttime="20190424 17:42:55.115" endtime="20190424 17:42:56.652"></status>
</kw>
<status status="PASS" starttime="20190424 17:42:55.115" endtime="20190424 17:42:56.652" critical="yes"></status>
</test>
<status status="PASS" starttime="20190424 17:42:55.068" endtime="20190424 17:42:56.652"></status>
</suite>
<statistics>
<total>
<stat pass="1" fail="0">Critical Tests</stat>
<stat pass="1" fail="0">All Tests</stat>
</total>
<tag>
</tag>
<suite>
<stat pass="1" fail="0" id="s1" name="runJmetter">runJmetter</stat>
</suite>
</statistics>
<errors>
</errors>
</robot>
