<?xml version="1.0" encoding="UTF-8"?>
<robot generator="Robot 3.2.1 (Python 3.7.3 on win32)" generated="20200519 15:06:22.717" rpa="false">
<suite id="s1" name="ED Robot Project" source="C:\Users\GI-LAB\ED-WorkSpace\ED_Robot_Project">
<suite id="s1-s1" name="ED testsuits" source="C:\Users\GI-LAB\ED-WorkSpace\ED_Robot_Project\ED_testsuits">
<suite id="s1-s1-s1" name="ED3.8 NewContent Rules" source="C:\Users\GI-LAB\ED-WorkSpace\ED_Robot_Project\ED_testsuits\ED3.8_NewContent_Rules">
<suite id="s1-s1-s1-s1" name="TC ED WORKFLOW 01" source="C:\Users\GI-LAB\ED-WorkSpace\ED_Robot_Project\ED_testsuits\ED3.8_NewContent_Rules\TC_ED_WORKFLOW_01.robot">
<test id="s1-s1-s1-s1-t1" name="Login user TC">
<kw name="Log To Console" library="BuiltIn">
<doc>Logs the given message to the console.</doc>
<arguments>
<arg>ED3.8_WORKFLOW-8974_02 Add multiple conditions and treatment for a variable in Variables node for a ruleset then run Call Intercept To Called WFD including IFTTT task</arg>
</arguments>
<status status="PASS" starttime="20200519 15:06:22.971" endtime="20200519 15:06:22.971"></status>
</kw>
<kw name="CheckBreezeVersion" library="Robot_keywords">
<kw name="Log To Console" library="BuiltIn">
<doc>Logs the given message to the console.</doc>
<arguments>
<arg>Start ssh to server</arg>
</arguments>
<status status="PASS" starttime="20200519 15:06:22.972" endtime="20200519 15:06:22.972"></status>
</kw>
<kw name="Open Connection" library="SSHLibrary.library.SSHLibrary">
<doc>Opens a new SSH connection to the given ``host`` and ``port``.</doc>
<arguments>
<arg>100.20.128.60</arg>
<arg>port=22</arg>
</arguments>
<status status="PASS" starttime="20200519 15:06:22.972" endtime="20200519 15:06:22.972"></status>
</kw>
<kw name="Log To Console" library="BuiltIn">
<doc>Logs the given message to the console.</doc>
<arguments>
<arg>start login</arg>
</arguments>
<status status="PASS" starttime="20200519 15:06:22.973" endtime="20200519 15:06:22.973"></status>
</kw>
<kw name="Login" library="SSHLibrary.library.SSHLibrary">
<doc>Logs into the SSH server with the given ``username`` and ``password``.</doc>
<arguments>
<arg>cust</arg>
<arg>2tdp22ler</arg>
<arg>delay=0.5</arg>
</arguments>
<msg timestamp="20200519 15:06:22.973" level="INFO">Logging into '100.20.128.60:22' as 'cust'.</msg>
<msg timestamp="20200519 15:06:26.215" level="INFO">Read output: Last login: Tue May 19 01:32:36 EDT 2020 from 100.20.43.158 on pts/2
Last login: Tue May 19 04:09:16 2020 from 100.20.43.158
[31;1;4m
Avaya Breeze(R) platform Login Time and On Demand Status Report for Management IP 100.20.128.60[0m

[1m  SMGR info for Avaya Breeze(R) platform instance
[0m    * Primary System Manager:   100.20.128.35 (ed-smgr.hcm.com)
    * SMGR 2 is not currently provisioned.   Geo-redundancy is not available.
[1m
  Trust Management Status
[0m[1m    Trust store certificates are present.
[0m[1m    Key store certificates are present.
[0m
[1m  State of the applications on this virtual machine:
[0m    Watchdog          9/  9 UP                      
    logevent         15/ 15 UP                      
    postgres-db      42/ 42 UP                      
    mgmt            280/280 UP                      
    WebSphere       530/530 UP                      
    sal-agent        51/ 51 UP                      
    dcm               1/  1 UP                      
    secmod            4/  4 UP

    Depending on the config, the "statapp -l" can give a more detailed view.

[1m  Capacity check for partitions
[0m[1m    No disk partitions using over 70% of capacity.
[0m</msg>
<status status="PASS" starttime="20200519 15:06:22.973" endtime="20200519 15:06:26.216"></status>
</kw>
<kw name="Log To Console" library="BuiltIn">
<doc>Logs the given message to the console.</doc>
<arguments>
<arg>execute command</arg>
</arguments>
<status status="PASS" starttime="20200519 15:06:26.217" endtime="20200519 15:06:26.219"></status>
</kw>
<kw name="Execute Command" library="SSHLibrary.library.SSHLibrary">
<doc>Executes ``command`` on the remote machine and returns its outputs.</doc>
<arguments>
<arg>swversion</arg>
</arguments>
<assign>
<var>${output}</var>
</assign>
<msg timestamp="20200519 15:06:26.220" level="INFO">Executing command 'swversion'.</msg>
<msg timestamp="20200519 15:06:27.013" level="INFO">Command exited with return code 0.</msg>
<msg timestamp="20200519 15:06:27.014" level="INFO">${output} = 
 Avaya Breeze(R) platform Software Version Inventory

                   Release: 3.8.0.0.141003
                  Revision: 41170
                     Build: 13
               RTS Version: VMWARE_AU...</msg>
<status status="PASS" starttime="20200519 15:06:26.219" endtime="20200519 15:06:27.014"></status>
</kw>
<kw name="Log To Console" library="BuiltIn">
<doc>Logs the given message to the console.</doc>
<arguments>
<arg>Close Session</arg>
</arguments>
<status status="PASS" starttime="20200519 15:06:27.015" endtime="20200519 15:06:27.016"></status>
</kw>
<kw name="Close Connection" library="SSHLibrary.library.SSHLibrary">
<doc>Closes the current connection.</doc>
<status status="PASS" starttime="20200519 15:06:27.017" endtime="20200519 15:06:27.018"></status>
</kw>
<kw name="Close All Connections" library="SSHLibrary.library.SSHLibrary">
<doc>Closes all open connections.</doc>
<status status="PASS" starttime="20200519 15:06:27.019" endtime="20200519 15:06:27.019"></status>
</kw>
<status status="PASS" starttime="20200519 15:06:22.972" endtime="20200519 15:06:27.019"></status>
</kw>
<kw name="Log To Console" library="BuiltIn">
<doc>Logs the given message to the console.</doc>
<arguments>
<arg>1. Use Chrome to access to ED consoles</arg>
</arguments>
<status status="PASS" starttime="20200519 15:06:27.019" endtime="20200519 15:06:27.019"></status>
</kw>
<kw name="Log To Console" library="BuiltIn">
<doc>Logs the given message to the console.</doc>
<arguments>
<arg>Launch new browser and go to admin page (https://avaya-breeze-06-sec.hcm.com/services/EngagementDesigner//admin.html)</arg>
</arguments>
<status status="PASS" starttime="20200519 15:06:27.020" endtime="20200519 15:06:27.020"></status>
</kw>
<kw name="Open Browser" library="browser_03">
<doc>Launch web browser with ATDA server info</doc>
<arguments>
<arg>${DESIGNER_URL}</arg>
</arguments>
<msg timestamp="20200519 15:06:27.020" level="INFO">Creating driver for non Web app: ANY</msg>
<status status="PASS" starttime="20200519 15:06:27.020" endtime="20200519 15:06:32.421"></status>
</kw>
<kw name="Log To Console" library="BuiltIn">
<doc>Logs the given message to the console.</doc>
<arguments>
<arg>Verify login ed Admin Page</arg>
</arguments>
<status status="PASS" starttime="20200519 15:06:32.421" endtime="20200519 15:06:32.422"></status>
</kw>
<kw name="Verify Login Designer Page" library="browser_03">
<msg timestamp="20200519 15:06:33.433" level="INFO">start verify designer login page
&lt;action&gt;Waiting for %s until element %s appears...
&lt;action&gt;Checking if element exists
Passed ben POM
Designer login page is loaded successfully</msg>
<status status="PASS" starttime="20200519 15:06:32.422" endtime="20200519 15:06:33.433"></status>
</kw>
<kw name="Log To Console" library="BuiltIn">
<doc>Logs the given message to the console.</doc>
<arguments>
<arg>Login user Admin Page</arg>
</arguments>
<status status="PASS" starttime="20200519 15:06:33.434" endtime="20200519 15:06:33.434"></status>
</kw>
<kw name="Login Designer Page" library="browser_03">
<arguments>
<arg>${username_smgr}</arg>
<arg>${password_smgr}</arg>
</arguments>
<msg timestamp="20200519 15:06:33.494" level="INFO">input username in ED Designer page successfully</msg>
<msg timestamp="20200519 15:06:33.566" level="INFO">input password in ED Designer page successfully</msg>
<status status="PASS" starttime="20200519 15:06:33.434" endtime="20200519 15:06:51.248"></status>
</kw>
<kw name="Verify Designer Page" library="browser_03">
<msg timestamp="20200519 15:06:52.262" level="INFO">start verify Designer page after login successfully
&lt;action&gt;Waiting for %s until element %s appears...
&lt;action&gt;Checking if element exists
Login ADmin page successfully
Designer page is loaded successfully</msg>
<status status="PASS" starttime="20200519 15:06:51.249" endtime="20200519 15:06:52.262"></status>
</kw>
<kw name="Log To Console" library="BuiltIn">
<doc>Logs the given message to the console.</doc>
<arguments>
<arg>2. Design a Call Intercept From Calling WFD including IFTTT task using the created ruleset for the use case above, then deploy it</arg>
</arguments>
<status status="PASS" starttime="20200519 15:06:52.262" endtime="20200519 15:06:52.262"></status>
</kw>
<kw name="Import Wf" library="browser_03">
<arguments>
<arg>${locator}</arg>
<arg>${wfname}</arg>
</arguments>
<msg timestamp="20200519 15:06:53.430" level="INFO">start import wf
&lt;action&gt;Waiting for %s until element %s appears...
&lt;action&gt;Checking if element exists</msg>
<status status="PASS" starttime="20200519 15:06:52.263" endtime="20200519 15:06:53.431"></status>
</kw>
<kw name="Sleep" library="BuiltIn">
<doc>Pauses the test executed for the given time.</doc>
<arguments>
<arg>2</arg>
</arguments>
<msg timestamp="20200519 15:06:55.441" level="INFO">Slept 2 seconds</msg>
<status status="PASS" starttime="20200519 15:06:53.431" endtime="20200519 15:06:55.441"></status>
</kw>
<kw name="Save Wf" library="browser_03">
<arguments>
<arg>${wfname}</arg>
<arg>${ruleset_name}</arg>
</arguments>
<msg timestamp="20200519 15:06:57.048" level="INFO">STRAT INPUT NEW RULE SET NAME</msg>
<msg timestamp="20200519 15:07:13.197" level="INFO">satrt save workflow
&lt;action&gt;Waiting for %s until element %s appears...
&lt;action&gt;Checking if element exists
&lt;action&gt;Click on elemnts
&lt;action&gt;Waiting for %s until element %s appears...
&lt;action&gt;Checking if element exists
&lt;action&gt;Waiting for %s until element %s appears...
&lt;action&gt;Checking if element exists
&lt;action&gt;Waiting for %s until element %s appears...
&lt;action&gt;Checking if element exists
&lt;action&gt;Waiting for %s until element %s appears...
&lt;action&gt;Checking if element exists
&lt;action&gt;Waiting for %s until element %s appears...
&lt;action&gt;Checking if element exists
MESSGE IS SHOWN CORRECTLY</msg>
<status status="PASS" starttime="20200519 15:06:55.441" endtime="20200519 15:07:13.197"></status>
</kw>
<kw name="Validate And Deploy Wf" library="browser_03">
<arguments>
<arg>${wfname}</arg>
</arguments>
<msg timestamp="20200519 15:07:20.566" level="INFO">start validate and deploy wf
&lt;action&gt;Waiting for %s until element %s appears...
&lt;action&gt;Checking if element exists
&lt;action&gt;Waiting for %s until element %s appears...
&lt;action&gt;Checking if element exists</msg>
<status status="PASS" starttime="20200519 15:07:13.197" endtime="20200519 15:07:20.566"></status>
</kw>
<kw name="Sleep" library="BuiltIn">
<doc>Pauses the test executed for the given time.</doc>
<arguments>
<arg>1</arg>
</arguments>
<msg timestamp="20200519 15:07:21.580" level="INFO">Slept 1 second</msg>
<status status="PASS" starttime="20200519 15:07:20.566" endtime="20200519 15:07:21.580"></status>
</kw>
<kw name="Log To Console" library="BuiltIn">
<doc>Logs the given message to the console.</doc>
<arguments>
<arg>3. In Admin console, create a ruleset including multiple conditions (IF) in a rule, and make the treatment (THEN) for a variable in Variables node</arg>
</arguments>
<status status="PASS" starttime="20200519 15:07:21.580" endtime="20200519 15:07:21.580"></status>
</kw>
<kw name="Log To Console" library="BuiltIn">
<doc>Logs the given message to the console.</doc>
<arguments>
<arg>Open new Tab (Admin console)</arg>
</arguments>
<status status="PASS" starttime="20200519 15:07:21.582" endtime="20200519 15:07:21.582"></status>
</kw>
<kw name="Open New Tab" library="browser_03">
<arguments>
<arg>${ADMIN_URL}</arg>
</arguments>
<msg timestamp="20200519 15:07:21.631" level="INFO">open new tab</msg>
<status status="PASS" starttime="20200519 15:07:21.582" endtime="20200519 15:07:21.632"></status>
</kw>
<kw name="Edit Rules Callintercept" library="browser_03">
<arguments>
<arg>${ruleset_name}</arg>
<arg>${EXTENSION1}</arg>
<arg>Yes</arg>
<arg>${PROMPT}</arg>
<arg>${CALLING_VARIABLE_CALLINTERCEPT}</arg>
</arguments>
<msg timestamp="20200519 15:07:58.891" level="INFO">strat edit Rules
&lt;action&gt;Waiting for %s until element %s appears...
&lt;action&gt;Checking if element exists
&lt;action&gt;Waiting for %s until element %s appears...
&lt;action&gt;Checking if element exists
&lt;action&gt;Waiting for %s until element %s appears...
&lt;action&gt;Checking if element exists
&lt;action&gt;Waiting for %s until element %s appears...
&lt;action&gt;Checking if element exists
&lt;action&gt;Waiting for %s until element %s appears...
&lt;action&gt;Checking if element exists
&lt;action&gt;Waiting for %s until element %s appears...
&lt;action&gt;Checking if element exists
&lt;action&gt;Waiting for %s until element %s appears...
&lt;action&gt;Checking if element exists
&lt;action&gt;Waiting for %s until element %s appears...
&lt;action&gt;Checking if element exists
&lt;action&gt;Waiting for %s until element %s appears...
&lt;action&gt;Checking if element exists
&lt;action&gt;Waiting for %s until element %s appears...
&lt;action&gt;Checking if element exists
&lt;action&gt;Waiting for %s until element %s appears...
&lt;action&gt;Checking if element exists
&lt;action&gt;Waiting for %s until element %s appears...
&lt;action&gt;Checking if element exists
&lt;action&gt;Waiting for %s until element %s appears...
&lt;action&gt;Checking if element exists
&lt;action&gt;Waiting for %s until element %s appears...
&lt;action&gt;Checking if element exists
&lt;action&gt;Waiting for %s until element %s appears...
&lt;action&gt;Checking if element exists
&lt;action&gt;Waiting for %s until element %s appears...
&lt;action&gt;Checking if element exists
&lt;action&gt;Waiting for %s until element %s appears...
&lt;action&gt;Checking if element exists
&lt;action&gt;Waiting for %s until element %s appears...
&lt;action&gt;Checking if element exists
&lt;action&gt;Waiting for %s until element %s appears...
&lt;action&gt;Checking if element exists
&lt;action&gt;Waiting for %s until element %s appears...
&lt;action&gt;Checking if element exists
&lt;action&gt;Waiting for %s until element %s appears...
&lt;action&gt;Checking if element exists
&lt;action&gt;Waiting for %s until element %s appears...
&lt;action&gt;Checking if element exists
&lt;action&gt;Waiting for %s until element %s appears...
&lt;action&gt;Checking if element exists
&lt;action&gt;Waiting for %s until element %s appears...
&lt;action&gt;Checking if element exists
&lt;action&gt;Waiting for %s until element %s appears...
&lt;action&gt;Checking if element exists</msg>
<status status="PASS" starttime="20200519 15:07:21.632" endtime="20200519 15:07:58.891"></status>
</kw>
<kw name="Log To Console" library="BuiltIn">
<doc>Logs the given message to the console.</doc>
<arguments>
<arg>4. Make a call that satisfies both conditions</arg>
</arguments>
<status status="PASS" starttime="20200519 15:07:58.891" endtime="20200519 15:07:58.892"></status>
</kw>
<kw name="Add Route Called Party" library="browser_03">
<arguments>
<arg>${wfname}</arg>
<arg>${wfname}</arg>
<arg>${PRIORITY_1}</arg>
<arg>${EXTENSION2}</arg>
</arguments>
<msg timestamp="20200519 15:08:19.635" level="INFO">start add routing for called party
&lt;action&gt;Waiting for %s until element %s appears...
&lt;action&gt;Checking if element exists
&lt;action&gt;Waiting for %s until element %s appears...
&lt;action&gt;Checking if element exists
&lt;action&gt;Waiting for %s until element %s appears...
&lt;action&gt;Checking if element exists
&lt;action&gt;Waiting for %s until element %s appears...
&lt;action&gt;Checking if element exists
&lt;action&gt;Waiting for %s until element %s appears...
&lt;action&gt;Checking if element exists
&lt;action&gt;Waiting for %s until element %s appears...
&lt;action&gt;Checking if element exists
&lt;action&gt;Waiting for %s until element %s appears...
&lt;action&gt;Checking if element exists
&lt;action&gt;Waiting for %s until element %s appears...
&lt;action&gt;Checking if element exists
&lt;action&gt;Waiting for %s until element %s appears...
&lt;action&gt;Checking if element exists
&lt;action&gt;Waiting for %s until element %s appears...
&lt;action&gt;Checking if element exists
&lt;action&gt;Waiting for %s until element %s appears...
&lt;action&gt;Checking if element exists
&lt;action&gt;Waiting for %s until element %s appears...
&lt;action&gt;Checking if element exists
&lt;action&gt;Waiting for %s until element %s appears...
&lt;action&gt;Checking if element exists
&lt;action&gt;Waiting for %s until element %s appears...
&lt;action&gt;Checking if element exists
&lt;action&gt;Waiting for %s until element %s appears...
&lt;action&gt;Checking if element exists
&lt;action&gt;Waiting for %s until element %s appears...
&lt;action&gt;Checking if element exists
&lt;action&gt;Waiting for %s until element %s appears...
&lt;action&gt;Checking if element exists
&lt;action&gt;Waiting for %s until element %s appears...
&lt;action&gt;Checking if element exists
Current text: Saved Routing Rule.
Saved Routing Rule.
MESSGE IS SHOWN CORRECTLY</msg>
<status status="PASS" starttime="20200519 15:07:58.892" endtime="20200519 15:08:19.635"></status>
</kw>
<kw name="phoneA_make_call" library="Robot_keywords">
<arguments>
<arg>${EXTENSION2}</arg>
</arguments>
<kw name="Pti Make Call" library="sipPhoneA">
<arguments>
<arg>${extension1}</arg>
</arguments>
<msg timestamp="20200519 15:08:26.349" level="INFO">start sendkey
[]
Send key speaker
start sendkey
[]
Send key #</msg>
<status status="PASS" starttime="20200519 15:08:19.635" endtime="20200519 15:08:26.349"></status>
</kw>
<kw name="Sleep" library="BuiltIn">
<doc>Pauses the test executed for the given time.</doc>
<arguments>
<arg>3</arg>
</arguments>
<msg timestamp="20200519 15:08:29.363" level="INFO">Slept 3 seconds</msg>
<status status="PASS" starttime="20200519 15:08:26.349" endtime="20200519 15:08:29.363"></status>
</kw>
<status status="PASS" starttime="20200519 15:08:19.635" endtime="20200519 15:08:29.363"></status>
</kw>
<kw name="Sleep" library="BuiltIn">
<doc>Pauses the test executed for the given time.</doc>
<arguments>
<arg>5</arg>
</arguments>
<msg timestamp="20200519 15:08:34.368" level="INFO">Slept 5 seconds</msg>
<status status="PASS" starttime="20200519 15:08:29.363" endtime="20200519 15:08:34.368"></status>
</kw>
<kw name="phoneB_answer_call" library="Robot_keywords">
<kw name="Pti Answer Call" library="sipPhoneB">
<msg timestamp="20200519 15:08:37.543" level="INFO">start sendkey
[]
Send key speaker</msg>
<status status="PASS" starttime="20200519 15:08:34.368" endtime="20200519 15:08:37.543"></status>
</kw>
<kw name="Sleep" library="BuiltIn">
<doc>Pauses the test executed for the given time.</doc>
<arguments>
<arg>3</arg>
</arguments>
<msg timestamp="20200519 15:08:40.545" level="INFO">Slept 3 seconds</msg>
<status status="PASS" starttime="20200519 15:08:37.543" endtime="20200519 15:08:40.545"></status>
</kw>
<status status="PASS" starttime="20200519 15:08:34.368" endtime="20200519 15:08:40.545"></status>
</kw>
<kw name="Sleep" library="BuiltIn">
<doc>Pauses the test executed for the given time.</doc>
<arguments>
<arg>5</arg>
</arguments>
<msg timestamp="20200519 15:08:45.550" level="INFO">Slept 5 seconds</msg>
<status status="PASS" starttime="20200519 15:08:40.545" endtime="20200519 15:08:45.550"></status>
</kw>
<kw name="phoneA_end_call" library="Robot_keywords">
<kw name="Pti End Call" library="sipPhoneA">
<msg timestamp="20200519 15:08:48.725" level="INFO">start sendkey
[]
Send key speaker</msg>
<status status="PASS" starttime="20200519 15:08:45.550" endtime="20200519 15:08:48.725"></status>
</kw>
<kw name="Sleep" library="BuiltIn">
<doc>Pauses the test executed for the given time.</doc>
<arguments>
<arg>3</arg>
</arguments>
<msg timestamp="20200519 15:08:51.727" level="INFO">Slept 3 seconds</msg>
<status status="PASS" starttime="20200519 15:08:48.725" endtime="20200519 15:08:51.727"></status>
</kw>
<status status="PASS" starttime="20200519 15:08:45.550" endtime="20200519 15:08:51.727"></status>
</kw>
<kw name="Check Wf Instences" library="browser_03">
<arguments>
<arg>${wfname}</arg>
</arguments>
<msg timestamp="20200519 15:09:04.594" level="INFO">start checking WFD INSTENCES
&lt;action&gt;Waiting for %s until element %s appears...
&lt;action&gt;Checking if element exists
&lt;action&gt;Waiting for %s until element %s appears...
&lt;action&gt;Checking if element exists
&lt;action&gt;Waiting for %s until element %s appears...
&lt;action&gt;Checking if element exists
&lt;action&gt;Waiting for %s until element %s appears...
&lt;action&gt;Checking if element exists
Current text: TC1728WF8974_Called_Node_var
&lt;action&gt;Waiting for %s until element %s appears...
&lt;action&gt;Checking if element exists
Current text: Completed
Trigger WFD SUCCESSFULLY
Found elemets
clicked on elememts</msg>
<status status="PASS" starttime="20200519 15:08:51.727" endtime="20200519 15:09:04.594"></status>
</kw>
<kw name="Log To Console" library="BuiltIn">
<doc>Logs the given message to the console.</doc>
<arguments>
<arg>6. Check ED log and asm log</arg>
</arguments>
<status status="PASS" starttime="20200519 15:09:04.595" endtime="20200519 15:09:04.595"></status>
</kw>
<kw name="getLogGrepErr_ED" library="Robot_keywords">
<kw name="Log To Console" library="BuiltIn">
<doc>Logs the given message to the console.</doc>
<arguments>
<arg>getLogGrepErr</arg>
</arguments>
<status status="PASS" starttime="20200519 15:09:04.596" endtime="20200519 15:09:04.596"></status>
</kw>
<kw name="Open Connection" library="SSHLibrary.library.SSHLibrary">
<doc>Opens a new SSH connection to the given ``host`` and ``port``.</doc>
<arguments>
<arg>100.20.128.60</arg>
<arg>port=22</arg>
</arguments>
<status status="PASS" starttime="20200519 15:09:04.596" endtime="20200519 15:09:04.597"></status>
</kw>
<kw name="Log To Console" library="BuiltIn">
<doc>Logs the given message to the console.</doc>
<arguments>
<arg>start login</arg>
</arguments>
<status status="PASS" starttime="20200519 15:09:04.597" endtime="20200519 15:09:04.597"></status>
</kw>
<kw name="Login" library="SSHLibrary.library.SSHLibrary">
<doc>Logs into the SSH server with the given ``username`` and ``password``.</doc>
<arguments>
<arg>cust</arg>
<arg>2tdp22ler</arg>
<arg>delay=0.5</arg>
</arguments>
<msg timestamp="20200519 15:09:04.598" level="INFO">Logging into '100.20.128.60:22' as 'cust'.</msg>
<msg timestamp="20200519 15:09:07.804" level="INFO">Read output: Last login: Tue May 19 04:09:16 EDT 2020 from 100.20.43.158 on pts/1
Last login: Tue May 19 04:11:58 2020 from 100.20.43.158
[31;1;4m
Avaya Breeze(R) platform Login Time and On Demand Status Report for Management IP 100.20.128.60[0m

[1m  SMGR info for Avaya Breeze(R) platform instance
[0m    * Primary System Manager:   100.20.128.35 (ed-smgr.hcm.com)
    * SMGR 2 is not currently provisioned.   Geo-redundancy is not available.
[1m
  Trust Management Status
[0m[1m    Trust store certificates are present.
[0m[1m    Key store certificates are present.
[0m
[1m  State of the applications on this virtual machine:
[0m    Watchdog          9/  9 UP                      
    logevent         15/ 15 UP                      
    postgres-db      45/ 45 UP                      
    mgmt            284/284 UP                      
    WebSphere       536/536 UP                      
    sal-agent        51/ 51 UP                      
    dcm               1/  1 UP                      
    secmod            4/  4 UP

    Depending on the config, the "statapp -l" can give a more detailed view.

[1m  Capacity check for partitions
[0m[1m    No disk partitions using over 70% of capacity.
[0m</msg>
<status status="PASS" starttime="20200519 15:09:04.597" endtime="20200519 15:09:07.804"></status>
</kw>
<kw name="Log To Console" library="BuiltIn">
<doc>Logs the given message to the console.</doc>
<arguments>
<arg>execute command</arg>
</arguments>
<status status="PASS" starttime="20200519 15:09:07.804" endtime="20200519 15:09:07.804"></status>
</kw>
<kw name="Execute Command" library="SSHLibrary.library.SSHLibrary">
<doc>Executes ``command`` on the remote machine and returns its outputs.</doc>
<arguments>
<arg>${GET_ED_lOG}</arg>
</arguments>
<assign>
<var>${output2}</var>
</assign>
<msg timestamp="20200519 15:09:07.806" level="INFO">Executing command 'tail -n 1250 /var/log/Avaya/services/EngagementDesigner/EngagementDesigner.log'.</msg>
<msg timestamp="20200519 15:09:07.886" level="INFO">Command exited with return code 0.</msg>
<msg timestamp="20200519 15:09:07.886" level="INFO">${output2} = 2020-05-19 04:00:29,197 [WebContainer : 16] EngagementDesigner INFO - EngagementDesigner-3.8.0.0.91001 - Undeployed workflow API status: 200 OK
2020-05-19 04:00:29,197 [WebContainer : 16] EngagementDe...</msg>
<status status="PASS" starttime="20200519 15:09:07.806" endtime="20200519 15:09:07.886"></status>
</kw>
<kw name="Log To Console" library="BuiltIn">
<doc>Logs the given message to the console.</doc>
<arguments>
<arg>Check ED Log</arg>
</arguments>
<status status="PASS" starttime="20200519 15:09:07.886" endtime="20200519 15:09:07.886"></status>
</kw>
<kw name="Should Not Contain" library="BuiltIn">
<doc>Fails if ``container`` contains ``item`` one or more times.</doc>
<arguments>
<arg>${output2}</arg>
<arg>${ERROR_ED}</arg>
</arguments>
<msg timestamp="20200519 15:09:07.886" level="FAIL">'2020-05-19 04:00:29,197 [WebContainer : 16] EngagementDesigner INFO - EngagementDesigner-3.8.0.0.91001 - Undeployed workflow API status: 200 OK
2020-05-19 04:00:29,197 [WebContainer : 16] EngagementDesigner INFO - EngagementDesigner-3.8.0.0.91001 - Successfully undeployed workflow: 200 OK
2020-05-19 04:00:29,197 [WebContainer : 16] EngagementDesigner INFO - EngagementDesigner-3.8.0.0.91001 - No. of Workflows for which undeploy was requested: 1
2020-05-19 04:00:29,197 [WebContainer : 16] EngagementDesigner INFO - EngagementDesigner-3.8.0.0.91001 - No. of Workflows that were successfully undeployed: 1
2020-05-19 04:00:29,197 [WebContainer : 16] EngagementDesigner INFO - EngagementDesigner-3.8.0.0.91001 - No. of Workflows that failed to get undeployed: 0
2020-05-19 04:00:30,667 [WebContainer : 16] EngagementDesigner INFO - EngagementDesigner-3.8.0.0.91001 - writeResponse_doPropertyFill {"returnString":[["TC1728WF8974"]],"returnValue":true}
2020-05-19 04:00:30,921 [WebContainer : 3] EngagementDesigner INFO - EngagementDesigner-3.8.0.0.91001 - ConvSphereReader: processing mxCell
2020-05-19 04:00:30,921 [WebContainer : 3] EngagementDesigner INFO - EngagementDesigner-3.8.0.0.91001 - ConvSphereReader: processing mxCell
2020-05-19 04:00:30,921 [WebContainer : 3] EngagementDesigner INFO - EngagementDesigner-3.8.0.0.91001 - ConvSphereReader: processing DataVariable
2020-05-19 04:00:30,921 [WebContainer : 3] EngagementDesigner INFO - EngagementDesigner-3.8.0.0.91001 - ConvSphereReader: processing PropertiesNode
2020-05-19 04:00:30,922 [WebContainer : 3] EngagementDesigner INFO - EngagementDesigner-3.8.0.0.91001 - ConvSphereReader: processing StartEvent
2020-05-19 04:00:30,922 [WebContainer : 3] EngagementDesigner INFO - EngagementDesigner-3.8.0.0.91001 - ConvSphereReader: processing PlayAndCollect
2020-05-19 04:00:30,922 [WebContainer : 3] EngagementDesigner INFO - EngagementDesigner-3.8.0.0.91001 - ConvSphereReader: processing MakeCall
2020-05-19 04:00:30,922 [WebContainer : 3] EngagementDesigner INFO - EngagementDesigner-3.8.0.0.91001 - ConvSphereReader: processing EndEvent
2020-05-19 04:00:30,922 [WebContainer : 3] EngagementDesigner INFO - EngagementDesigner-3.8.0.0.91001 - ConvSphereReader: processing Edge
2020-05-19 04:00:30,922 [WebContainer : 3] EngagementDesigner INFO - EngagementDesigner-3.8.0.0.91001 - Adding edge property:source  VAL:1471985569683
2020-05-19 04:00:30,922 [WebContainer : 3] EngagementDesigner INFO - EngagementDesigner-3.8.0.0.91001 - Adding edge property:target  VAL:1471986237008
2020-05-19 04:00:30,922 [WebContainer : 3] EngagementDesigner INFO - EngagementDesigner-3.8.0.0.91001 - ConvSphereReader: processing Edge
2020-05-19 04:00:30,922 [WebContainer : 3] EngagementDesigner INFO - EngagementDesigner-3.8.0.0.91001 - Adding edge property:source  VAL:1471986237008
2020-05-19 04:00:30,922 [WebContainer : 3] EngagementDesigner INFO - EngagementDesigner-3.8.0.0.91001 - Adding edge property:target  VAL:1471985836989
2020-05-19 04:00:30,923 [WebContainer : 3] EngagementDesigner INFO - EngagementDesigner-3.8.0.0.91001 - ConvSphereReader: processing Edge
2020-05-19 04:00:30,923 [WebContainer : 3] EngagementDesigner INFO - EngagementDesigner-3.8.0.0.91001 - Adding edge property:source  VAL:1471985836989
2020-05-19 04:00:30,923 [WebContainer : 3] EngagementDesigner INFO - EngagementDesigner-3.8.0.0.91001 - Adding edge property:target  VAL:1471986244022
2020-05-19 04:00:30,923 [WebContainer : 3] EngagementDesigner INFO - EngagementDesigner-3.8.0.0.91001 - Checking Edge connected to comment node
2020-05-19 04:00:30,923 [WebContainer : 3] EngagementDesigner INFO - EngagementDesigner-3.8.0.0.91001 - Edge property key:source   Value:1471985569683
2020-05-19 04:00:30,923 [WebContainer : 3] EngagementDesigner INFO - EngagementDesigner-3.8.0.0.91001 - Edge property key:source   Value:1471985569683
2020-05-19 04:00:30,923 [WebContainer : 3] EngagementDesigner INFO - EngagementDesigner-3.8.0.0.91001 - Edge property key:target   Value:1471986237008
2020-05-19 04:00:30,923 [WebContainer : 3] EngagementDesigner INFO - EngagementDesigner-3.8.0.0.91001 - Edge property key:target   Value:1471986237008
2020-05-19 04:00:30,923 [WebContainer : 3] EngagementDesigner INFO - EngagementDesigner-3.8.0.0.91001 - Checking Edge connected to comment node targetId:1471986237008
2020-05-19 04:00:30,923 [WebContainer : 3] EngagementDesigner INFO - EngagementDesigner-3.8.0.0.91001 - Checking Edge connected to comment node
2020-05-19 04:00:30,923 [WebContainer : 3] EngagementDesigner INFO - EngagementDesigner-3.8.0.0.91001 - Edge property key:source   Value:1471986237008
2020-05-19 04:00:30,923 [WebContainer : 3] EngagementDesigner INFO - EngagementDesigner-3.8.0.0.91001 - Edge property key:source   Value:1471986237008
2020-05-19 04:00:30,923 [WebContainer : 3] EngagementDesigner INFO - EngagementDesigner-3.8.0.0.91001 - Edge property key:target   Value:1471985836989
2020-05-19 04:00:30,923 [WebContainer : 3] EngagementDesigner INFO - EngagementDesigner-3.8.0.0.91001 - Edge property key:target   Value:1471985836989
2020-05-19 04:00:30,923 [WebContainer : 3] EngagementDesigner INFO - EngagementDesigner-3.8.0.0.91001 - Checking Edge connected to comment node targetId:1471985836989
2020-05-19 04:00:30,923 [WebContainer : 3] EngagementDesigner INFO - EngagementDesigner-3.8.0.0.91001 - Checking Edge connected to comment node
2020-05-19 04:00:30,923 [WebContainer : 3] EngagementDesigner INFO - EngagementDesigner-3.8.0.0.91001 - Edge property key:source   Value:1471985836989
2020-05-19 04:00:30,923 [WebContainer : 3] EngagementDesigner INFO - EngagementDesigner-3.8.0.0.91001 - Edge property key:source   Value:1471985836989
2020-05-19 04:00:30,923 [WebContainer : 3] EngagementDesigner INFO - EngagementDesigner-3.8.0.0.91001 - Edge property key:target   Value:1471986244022
2020-05-19 04:00:30,923 [WebContainer : 3] EngagementDesigner INFO - EngagementDesigner-3.8.0.0.91001 - Edge property key:target   Value:1471986244022
2020-05-19 04:00:30,923 [WebContainer : 3] EngagementDesigner INFO - EngagementDesigner-3.8.0.0.91001 - Checking Edge connected to comment node targetId:1471986244022
2020-05-19 04:00:30,923 [WebContainer : 3] EngagementDesigner INFO - EngagementDesigner-3.8.0.0.91001 - Number of edges connected to comment node:0
2020-05-19 04:00:30,927 [WebContainer : 3] EngagementDesigner INFO - EngagementDesigner-3.8.0.0.91001 - Validating node: PlayAndCollect1
2020-05-19 04:00:30,927 [WebContainer : 3] EngagementDesigner INFO - EngagementDesigner-3.8.0.0.91001 - Validating node: MakeCall1
2020-05-19 04:00:30,927 [WebContainer : 3] EngagementDesigner INFO - EngagementDesigner-3.8.0.0.91001 - Validating node: End1
2020-05-19 04:00:30,970 [WebContainer : 3] EngagementDesigner INFO - EngagementDesigner-3.8.0.0.91001 - Validating node: Start
2020-05-19 04:00:31,017 [WebContainer : 3] EngagementDesigner INFO - EngagementDesigner-3.8.0.0.91001 - Validating node: Start
2020-05-19 04:00:31,142 [WebContainer : 3] EngagementDesigner INFO - EngagementDesigner-3.8.0.0.91001 - Getting latest deployed version for wfd: TC499W53 and customer: customer
2020-05-19 04:00:32,365 [WebContainer : 3] EngagementDesigner INFO - EngagementDesigner-3.8.0.0.91001 - writeResponse_doPropertyFill {"returnString":[["TC1728WF8974"]],"returnValue":true}
2020-05-19 04:00:32,485 [WebContainer : 16] EngagementDesigner INFO - EngagementDesigner-3.8.0.0.91001 - ConvSphereReader: processing mxCell
2020-05-19 04:00:32,485 [WebContainer : 16] EngagementDesigner INFO - EngagementDesigner-3.8.0.0.91001 - ConvSphereReader: processing mxCell
2020-05-19 04:00:32,486 [WebContainer : 16] EngagementDesigner INFO - EngagementDesigner-3.8.0.0.91001 - ConvSphereReader: processing DataVariable
2020-05-19 04:00:32,486 [WebContainer : 16] EngagementDesigner INFO - EngagementDesigner-3.8.0.0.91001 - ConvSphereReader: processing PropertiesNode
2020-05-19 04:00:32,486 [WebContainer : 16] EngagementDesigner INFO - EngagementDesigner-3.8.0.0.91001 - ConvSphereReader: processing StartEvent
2020-05-19 04:00:32,486 [WebContainer : 16] EngagementDesigner INFO - EngagementDesigner-3.8.0.0.91001 - ConvSphereReader: processing PlayAndCollect
2020-05-19 04:00:32,486 [WebContainer : 16] EngagementDesigner INFO - EngagementDesigner-3.8.0.0.91001 - ConvSphereReader: processing MakeCall
2020-05-19 04:00:32,486 [WebContainer : 16] EngagementDesigner INFO - EngagementDesigner-3.8.0.0.91001 - ConvSphereReader: processing EndEvent
2020-05-19 04:00:32,486 [WebContainer : 16] EngagementDesigner INFO - EngagementDesigner-3.8.0.0.91001 - ConvSphereReader: processing Edge
2020-05-19 04:00:32,486 [WebContainer : 16] EngagementDesigner INFO - EngagementDesigner-3.8.0.0.91001 - Adding edge property:source  VAL:1471985569683
2020-05-19 04:00:32,486 [WebContainer : 16] EngagementDesigner INFO - EngagementDesigner-3.8.0.0.91001 - Adding edge property:target  VAL:1471986237008
2020-05-19 04:00:32,486 [WebContainer : 16] EngagementDesigner INFO - EngagementDesigner-3.8.0.0.91001 - ConvSphereReader: processing Edge
2020-05-19 04:00:32,487 [WebContainer : 16] EngagementDesigner INFO - EngagementDesigner-3.8.0.0.91001 - Adding edge property:source  VAL:1471986237008
2020-05-19 04:00:32,487 [WebContainer : 16] EngagementDesigner INFO - EngagementDesigner-3.8.0.0.91001 - Adding edge property:target  VAL:1471985836989
2020-05-19 04:00:32,487 [WebContainer : 16] EngagementDesigner INFO - EngagementDesigner-3.8.0.0.91001 - ConvSphereReader: processing Edge
2020-05-19 04:00:32,487 [WebContainer : 16] EngagementDesigner INFO - EngagementDesigner-3.8.0.0.91001 - Adding edge property:source  VAL:1471985836989
2020-05-19 04:00:32,487 [WebContainer : 16] EngagementDesigner INFO - EngagementDesigner-3.8.0.0.91001 - Adding edge property:target  VAL:1471986244022
2020-05-19 04:00:32,487 [WebContainer : 16] EngagementDesigner INFO - EngagementDesigner-3.8.0.0.91001 - Checking Edge connected to comment node
2020-05-19 04:00:32,487 [WebContainer : 16] EngagementDesigner INFO - EngagementDesigner-3.8.0.0.91001 - Edge property key:source   Value:1471985569683
2020-05-19 04:00:32,487 [WebContainer : 16] EngagementDesigner INFO - EngagementDesigner-3.8.0.0.91001 - Edge property key:source   Value:1471985569683
2020-05-19 04:00:32,487 [WebContainer : 16] EngagementDesigner INFO - EngagementDesigner-3.8.0.0.91001 - Edge property key:target   Value:1471986237008
2020-05-19 04:00:32,487 [WebContainer : 16] EngagementDesigner INFO - EngagementDesigner-3.8.0.0.91001 - Edge property key:target   Value:1471986237008
2020-05-19 04:00:32,487 [WebContainer : 16] EngagementDesigner INFO - EngagementDesigner-3.8.0.0.91001 - Checking Edge connected to comment node targetId:1471986237008
2020-05-19 04:00:32,487 [WebContainer : 16] EngagementDesigner INFO - EngagementDesigner-3.8.0.0.91001 - Checking Edge connected to comment node
2020-05-19 04:00:32,487 [WebContainer : 16] EngagementDesigner INFO - EngagementDesigner-3.8.0.0.91001 - Edge property key:source   Value:1471986237008
2020-05-19 04:00:32,487 [WebContainer : 16] EngagementDesigner INFO - EngagementDesigner-3.8.0.0.91001 - Edge property key:source   Value:1471986237008
2020-05-19 04:00:32,487 [WebContainer : 16] EngagementDesigner INFO - EngagementDesigner-3.8.0.0.91001 - Edge property key:target   Value:1471985836989
2020-05-19 04:00:32,487 [WebContainer : 16] EngagementDesigner INFO - EngagementDesigner-3.8.0.0.91001 - Edge property key:target   Value:1471985836989
2020-05-19 04:00:32,487 [WebContainer : 16] EngagementDesigner INFO - EngagementDesigner-3.8.0.0.91001 - Checking Edge connected to comment node targetId:1471985836989
2020-05-19 04:00:32,487 [WebContainer : 16] EngagementDesigner INFO - EngagementDesigner-3.8.0.0.91001 - Checking Edge connected to comment node
2020-05-19 04:00:32,487 [WebContainer : 16] EngagementDesigner INFO - EngagementDesigner-3.8.0.0.91001 - Edge property key:source   Value:1471985836989
2020-05-19 04:00:32,487 [WebContainer : 16] EngagementDesigner INFO - EngagementDesigner-3.8.0.0.91001 - Edge property key:source   Value:1471985836989
2020-05-19 04:00:32,487 [WebContainer : 16] EngagementDesigner INFO - EngagementDesigner-3.8.0.0.91001 - Edge property key:target   Value:1471986244022
2020-05-19 04:00:32,487 [WebContainer : 16] EngagementDesigner INFO - EngagementDesigner-3.8.0.0.91001 - Edge property key:target   Value:1471986244022
2020-05-19 04:00:32,487 [WebContainer : 16] EngagementDesigner INFO - EngagementDesigner-3.8.0.0.91001 - Checking Edge connected to comment node targetId:1471986244022
2020-05-19 04:00:32,487 [WebContainer : 16] EngagementDesigner INFO - EngagementDesigner-3.8.0.0.91001 - Number of edges connected to comment node:0
2020-05-19 04:00:32,491 [WebContainer : 16] EngagementDesigner INFO - EngagementDesigner-3.8.0.0.91001 - Validating node: PlayAndCollect1
2020-05-19 04:00:32,491 [WebContainer : 16] EngagementDesigner INFO - EngagementDesigner-3.8.0.0.91001 - Validating node: MakeCall1
2020-05-19 04:00:32,491 [WebContainer : 16] EngagementDesigner INFO - EngagementDesigner-3.8.0.0.91001 - Validating node: End1
2020-05-19 04:00:32,538 [WebContainer : 16] EngagementDesigner INFO - EngagementDesigner-3.8.0.0.91001 - Validating node: Start
2020-05-19 04:00:32,585 [WebContainer : 16] EngagementDesigner INFO - EngagementDesigner-3.8.0.0.91001 - Validating node: Start
2020-05-19 04:00:32,585 [WebContainer : 16] EngagementDesigner INFO - EngagementDesigner-3.8.0.0.91001 - Starting Deploy...
2020-05-19 04:00:32,585 [WebContainer : 16] EngagementDesigner INFO - EngagementDesigner-3.8.0.0.91001 - Starting Deploy for wfd: TC499W53, version: 1 and customer: customer
2020-05-19 04:00:32,587 [WebContainer : 16] EngagementDesigner INFO - EngagementDesigner-3.8.0.0.91001 - Converting convSphereXml content to bpmn...
2020-05-19 04:00:32,590 [WebContainer : 16] EngagementDesigner INFO - EngagementDesigner-3.8.0.0.91001 - ConvSphereReader: processing mxCell
2020-05-19 04:00:32,590 [WebContainer : 16] EngagementDesigner INFO - EngagementDesigner-3.8.0.0.91001 - ConvSphereReader: processing mxCell
2020-05-19 04:00:32,590 [WebContainer : 16] EngagementDesigner INFO - EngagementDesigner-3.8.0.0.91001 - ConvSphereReader: processing DataVariable
2020-05-19 04:00:32,591 [WebContainer : 16] EngagementDesigner INFO - EngagementDesigner-3.8.0.0.91001 - ConvSphereReader: processing PropertiesNode
2020-05-19 04:00:32,591 [WebContainer : 16] EngagementDesigner INFO - EngagementDesigner-3.8.0.0.91001 - ConvSphereReader: processing StartEvent
2020-05-19 04:00:32,591 [WebContainer : 16] EngagementDesigner INFO - EngagementDesigner-3.8.0.0.91001 - ConvSphereReader: processing PlayAndCollect
2020-05-19 04:00:32,591 [WebContainer : 16] EngagementDesigner INFO - EngagementDesigner-3.8.0.0.91001 - ConvSphereReader: processing MakeCall
2020-05-19 04:00:32,591 [WebContainer : 16] EngagementDesigner INFO - EngagementDesigner-3.8.0.0.91001 - ConvSphereReader: processing EndEvent
2020-05-19 04:00:32,591 [WebContainer : 16] EngagementDesigner INFO - EngagementDesigner-3.8.0.0.91001 - ConvSphereReader: processing Edge
2020-05-19 04:00:32,591 [WebContainer : 16] EngagementDesigner INFO - EngagementDesigner-3.8.0.0.91001 - Adding edge property:source  VAL:1471985569683
2020-05-19 04:00:32,591 [WebContainer : 16] EngagementDesigner INFO - EngagementDesigner-3.8.0.0.91001 - Adding edge property:target  VAL:1471986237008
2020-05-19 04:00:32,591 [WebContainer : 16] EngagementDesigner INFO - EngagementDesigner-3.8.0.0.91001 - ConvSphereReader: processing Edge
2020-05-19 04:00:32,591 [WebContainer : 16] EngagementDesigner INFO - EngagementDesigner-3.8.0.0.91001 - Adding edge property:source  VAL:1471986237008
2020-05-19 04:00:32,591 [WebContainer : 16] EngagementDesigner INFO - EngagementDesigner-3.8.0.0.91001 - Adding edge property:target  VAL:1471985836989
2020-05-19 04:00:32,592 [WebContainer : 16] EngagementDesigner INFO - EngagementDesigner-3.8.0.0.91001 - ConvSphereReader: processing Edge
2020-05-19 04:00:32,592 [WebContainer : 16] EngagementDesigner INFO - EngagementDesigner-3.8.0.0.91001 - Adding edge property:source  VAL:1471985836989
2020-05-19 04:00:32,592 [WebContainer : 16] EngagementDesigner INFO - EngagementDesigner-3.8.0.0.91001 - Adding edge property:target  VAL:1471986244022
2020-05-19 04:00:32,592 [WebContainer : 16] EngagementDesigner INFO - EngagementDesigner-3.8.0.0.91001 - Checking Edge connected to comment node
2020-05-19 04:00:32,592 [WebContainer : 16] EngagementDesigner INFO - EngagementDesigner-3.8.0.0.91001 - Edge property key:source   Value:1471985569683
2020-05-19 04:00:32,592 [WebContainer : 16] EngagementDesigner INFO - EngagementDesigner-3.8.0.0.91001 - Edge property key:source   Value:1471985569683
2020-05-19 04:00:32,592 [WebContainer : 16] EngagementDesigner INFO - EngagementDesigner-3.8.0.0.91001 - Edge property key:target   Value:1471986237008
2020-05-19 04:00:32,592 [WebContainer : 16] EngagementDesigner INFO - EngagementDesigner-3.8.0.0.91001 - Edge property key:target   Value:1471986237008
2020-05-19 04:00:32,592 [WebContainer : 16] EngagementDesigner INFO - EngagementDesigner-3.8.0.0.91001 - Checking Edge connected to comment node targetId:1471986237008
2020-05-19 04:00:32,592 [WebContainer : 16] EngagementDesigner INFO - EngagementDesigner-3.8.0.0.91001 - Checking Edge connected to comment node
2020-05-19 04:00:32,592 [WebContainer : 16] EngagementDesigner INFO - EngagementDesigner-3.8.0.0.91001 - Edge property key:source   Value:1471986237008
2020-05-19 04:00:32,592 [WebContainer : 16] EngagementDesigner INFO - EngagementDesigner-3.8.0.0.91001 - Edge property key:source   Value:1471986237008
2020-05-19 04:00:32,592 [WebContainer : 16] EngagementDesigner INFO - EngagementDesigner-3.8.0.0.91001 - Edge property key:target   Value:1471985836989
2020-05-19 04:00:32,592 [WebContainer : 16] EngagementDesigner INFO - EngagementDesigner-3.8.0.0.91001 - Edge property key:target   Value:1471985836989
2020-05-19 04:00:32,592 [WebContainer : 16] EngagementDesigner INFO - EngagementDesigner-3.8.0.0.91001 - Checking Edge connected to comment node targetId:1471985836989
2020-05-19 04:00:32,592 [WebContainer : 16] EngagementDesigner INFO - EngagementDesigner-3.8.0.0.91001 - Checking Edge connected to comment node
2020-05-19 04:00:32,592 [WebContainer : 16] EngagementDesigner INFO - EngagementDesigner-3.8.0.0.91001 - Edge property key:source   Value:1471985836989
2020-05-19 04:00:32,592 [WebContainer : 16] EngagementDesigner INFO - EngagementDesigner-3.8.0.0.91001 - Edge property key:source   Value:1471985836989
2020-05-19 04:00:32,592 [WebContainer : 16] EngagementDesigner INFO - EngagementDesigner-3.8.0.0.91001 - Edge property key:target   Value:1471986244022
2020-05-19 04:00:32,592 [WebContainer : 16] EngagementDesigner INFO - EngagementDesigner-3.8.0.0.91001 - Edge property key:target   Value:1471986244022
2020-05-19 04:00:32,592 [WebContainer : 16] EngagementDesigner INFO - EngagementDesigner-3.8.0.0.91001 - Checking Edge connected to comment node targetId:1471986244022
2020-05-19 04:00:32,592 [WebContainer : 16] EngagementDesigner INFO - EngagementDesigner-3.8.0.0.91001 - Number of edges connected to comment node:0
2020-05-19 04:00:32,593 [WebContainer : 16] EngagementDesigner INFO - EngagementDesigner-3.8.0.0.91001 - &lt;?xml version="1.0" encoding="UTF-8"?&gt;
&lt;definitions 
targetNamespace="http://www.example.org/MinimalExample"
typeLanguage="http://www.java.com/javaTypes"
expressionLanguage="http://www.mvel.org/2.0"
xmlns="http://www.omg.org/spec/BPMN/20100524/MODEL"
xmlns:xsi="http://www.w3.org/2001/XMLSchema-instance"
xsi:schemaLocation="http://www.omg.org/spec/BPMN/20100524/MODEL BPMN20.xsd"
xmlns:bpmndi="http://www.omg.org/spec/BPMN/20100524/DI"
xmlns:dc="http://www.omg.org/spec/DD/20100524/DC"
xmlns:di="http://www.omg.org/spec/DD/20100524/DI"&gt;

  &lt;process processType="Private" isExecutable="true" id="TC499W53" name="TC499W53" snapinVersion="3.8.0.0.91001" &gt;

    &lt;variable name="MakeCall2_Output2" id="uuid4566f31b_245c_1361_47d9_1471986472356"&gt;&lt;![CDATA[{"title":"MakeCall2_Output2","type":"object","properties":{"ucid":{"type":"string"},"status":{"type":"string"},"appid":{"type":"string"}}}]]&gt;&lt;/variable&gt;
    &lt;variable name="system" id="uuid12345678901234567890"&gt;&lt;![CDATA[{title:system,type:object,properties:{securityIP:{type:string},instanceId:{type:string},parentId:{type:string},parentNode:{type:string},wfdName:{type:string},wfdVersion:{type:string}},required:[securityIP,instanceId,parentId,parentNode,wfdName,wfdVersion]}]]&gt;&lt;/variable&gt;
    &lt;variable name="GlobalVariables" id="uuidGlobalVariables1234567890"&gt;&lt;![CDATA[{"title":"GlobalVariables","type":"object","properties":{"global_prompt":{"type":"string"},"VIP":{"type":"string"}}}]]&gt;&lt;/variable&gt;
    &lt;variable name="StartSchema" id="uuidStartSchema1234567890"&gt;&lt;![CDATA[{  "title" : "CallEvent",  "type" : "object",  "properties" : {    "callingParty" : {      "type" : "object",      "properties" : {        "handle" : {          "type" : "string"        },        "domain" : {          "type" : "string"        },        "display" : {          "type" : "string"        }      }    },    "calledParty" : {      "type" : "object",      "properties" : {        "handle" : {          "type" : "string"        },        "domain" : {          "type" : "string"        },        "display" : {          "type" : "string"        }      }    },    "eventingParty" : {      "type" : "object",      "properties" : {        "handle" : {          "type" : "string"        },        "domain" : {          "type" : "string"        },        "display" : {          "type" : "string"        }      }    },    "reason" : {      "type" : "string"    },    "shortReason" : {      "type" : "string"    },    "timeOfEvent" : {      "type" : "string"    },    "ucid" : {      "type" : "string"    },    "appid" : {      "type" : "string"    }  }}]]&gt;&lt;/variable&gt;
    &lt;startEvent id="1471985569683" name="Start" OutputSchema="{  &amp;quot;title&amp;quot; : &amp;quot;CallEvent&amp;quot;,  &amp;quot;type&amp;quot; : &amp;quot;object&amp;quot;,  &amp;quot;properties&amp;quot; : {    &amp;quot;callingParty&amp;quot; : {      &amp;quot;type&amp;quot; : &amp;quot;object&amp;quot;,      &amp;quot;properties&amp;quot; : {        &amp;quot;handle&amp;quot; : {          &amp;quot;type&amp;quot; : &amp;quot;string&amp;quot;        },        &amp;quot;domain&amp;quot; : {          &amp;quot;type&amp;quot; : &amp;quot;string&amp;quot;        },        &amp;quot;display&amp;quot; : {          &amp;quot;type&amp;quot; : &amp;quot;string&amp;quot;        }      }    },    &amp;quot;calledParty&amp;quot; : {      &amp;quot;type&amp;quot; : &amp;quot;object&amp;quot;,      &amp;quot;properties&amp;quot; : {        &amp;quot;handle&amp;quot; : {          &amp;quot;type&amp;quot; : &amp;quot;string&amp;quot;        },        &amp;quot;domain&amp;quot; : {          &amp;quot;type&amp;quot; : &amp;quot;string&amp;quot;        },        &amp;quot;display&amp;quot; : {          &amp;quot;type&amp;quot; : &amp;quot;string&amp;quot;        }      }    },    &amp;quot;eventingParty&amp;quot; : {      &amp;quot;type&amp;quot; : &amp;quot;object&amp;quot;,      &amp;quot;properties&amp;quot; : {        &amp;quot;handle&amp;quot; : {          &amp;quot;type&amp;quot; : &amp;quot;string&amp;quot;        },        &amp;quot;domain&amp;quot; : {          &amp;quot;type&amp;quot; : &amp;quot;string&amp;quot;        },        &amp;quot;display&amp;quot; : {          &amp;quot;type&amp;quot; : &amp;quot;string&amp;quot;        }      }    },    &amp;quot;reason&amp;quot; : {      &amp;quot;type&amp;quot; : &amp;quot;string&amp;quot;    },    &amp;quot;shortReason&amp;quot; : {      &amp;quot;type&amp;quot; : &amp;quot;string&amp;quot;    },    &amp;quot;timeOfEvent&amp;quot; : {      &amp;quot;type&amp;quot; : &amp;quot;string&amp;quot;    },    &amp;quot;ucid&amp;quot; : {      &amp;quot;type&amp;quot; : &amp;quot;string&amp;quot;    },    &amp;quot;appid&amp;quot; : {      &amp;quot;type&amp;quot; : &amp;quot;string&amp;quot;    }  }}" EventFamily="CallIntercepted" ScheduleOptions="" EventType="CALL_INTERCEPT_TO_CALLED_PARTY" Schedule="" MatchWorkflow="" setorviewschedule="" EventVersion="1.0"&gt;
      &lt;dataOutputAssociation&gt;&lt;target&gt;uuidStartSchema1234567890&lt;/target&gt;&lt;assignment&gt;&lt;from&gt;.&lt;/from&gt;&lt;to&gt;.&lt;/to&gt;&lt;transformation isTemplate="false"&gt;&lt;![CDATA[]]&gt;&lt;/transformation&gt;&lt;/assignment&gt;&lt;/dataOutputAssociation&gt;
    &lt;/startEvent&gt;
    &lt;playAndCollect id="1471985836989" name="PlayAndCollect1" Locale="french" TerminationKey="#" Timeout="" arrayToLoop="" Duration="" IterateCount="" IsFlush="false" Handle="" UseLocale="" NumberOfDigits="3" Participant="Calling" Media-URI="http://100.20.40.252/members/PhongNgo/MOH/music1.wav" forEachSupport="false" Media-URI-Additional="[]" Interruptibility="false"&gt;
      &lt;dataInputAssociation&gt;&lt;source&gt;uuid4566f31b_245c_1361_47d9_1471986472356&lt;/source&gt;&lt;assignment&gt;&lt;from&gt;appid&lt;/from&gt;&lt;to&gt;ucid&lt;/to&gt;&lt;transformation isTemplate="false"&gt;&lt;![CDATA[]]&gt;&lt;/transformation&gt;&lt;/assignment&gt;&lt;/dataInputAssociation&gt;
      &lt;dataOutputAssociation&gt;&lt;target&gt;uuid4566f31b_245c_1361_47d9_1471986472356&lt;/target&gt;&lt;assignment&gt;&lt;from&gt;ucid&lt;/from&gt;&lt;to&gt;ucid&lt;/to&gt;&lt;transformation isTemplate="false"&gt;&lt;![CDATA[]]&gt;&lt;/transformation&gt;&lt;/assignment&gt;&lt;/dataOutputAssociation&gt;
    &lt;/playAndCollect&gt;
    &lt;MakeCall id="1471986237008" name="MakeCall1" Context="" CalledParty="2012062@hcm.com" CallingParty="2012061@hcm.com" arrayToLoop="" OnBehalfOf="MakeCall" WaitUntilCalledAnswer="" forEachSupport="false" TwoPartyCall="true"&gt;
      &lt;dataOutputAssociation&gt;&lt;target&gt;uuid4566f31b_245c_1361_47d9_1471986472356&lt;/target&gt;&lt;assignment&gt;&lt;from&gt;appid&lt;/from&gt;&lt;to&gt;appid&lt;/to&gt;&lt;transformation isTemplate="false"&gt;&lt;![CDATA[]]&gt;&lt;/transformation&gt;&lt;/assignment&gt;&lt;/dataOutputAssociation&gt;
    &lt;/MakeCall&gt;
    &lt;endEvent id="1471986244022" name="End1" EventFamily="" InputSchema="" EventType="" EventVersion=""&gt;
    &lt;/endEvent&gt;
    &lt;sequenceFlow id="1471986246428" sourceRef="1471985569683" targetRef="1471986237008"&gt;
      &lt;conditionExpression&gt;&lt;![CDATA[{"expressionAST":{"ast":"","tokens":""}}]]&gt;&lt;/conditionExpression&gt;
    &lt;/sequenceFlow&gt;
    &lt;sequenceFlow id="1471986247700" sourceRef="1471986237008" targetRef="1471985836989"&gt;
      &lt;conditionExpression&gt;&lt;![CDATA[{"expressionAST":{"ast":"","tokens":""}}]]&gt;&lt;/conditionExpression&gt;
    &lt;/sequenceFlow&gt;
    &lt;sequenceFlow id="1474433084723" sourceRef="1471985836989" targetRef="1471986244022"&gt;
      &lt;conditionExpression&gt;&lt;![CDATA[{"expressionAST":{"ast":"","tokens":""}}]]&gt;&lt;/conditionExpression&gt;
    &lt;/sequenceFlow&gt;

  &lt;/process&gt;
&lt;/definitions&gt;
2020-05-19 04:00:32,593 [WebContainer : 16] EngagementDesigner INFO - EngagementDesigner-3.8.0.0.91001 - Starting  createSvar...
2020-05-19 04:00:32,597 [WebContainer : 16] EngagementDesigner INFO - EngagementDesigner-3.8.0.0.91001 - Starting  createArtifactFile...
2020-05-19 04:00:32,603 [WebContainer : 16] EngagementDesigner INFO - EngagementDesigner-3.8.0.0.91001 - Done creating artifact file /var/avaya/tmp/TC499W53-1.zip
2020-05-19 04:00:32,617 [WebContainer : 16] EngagementDesigner INFO - EngagementDesigner-3.8.0.0.91001 - Done creating svar file /var/avaya/tmp/TC499W53-1.svar
2020-05-19 04:00:32,617 [WebContainer : 16] EngagementDesigner INFO - EngagementDesigner-3.8.0.0.91001 - Finished creating svar at /var/avaya/tmp/TC499W53-1.svar
2020-05-19 04:00:32,620 [WebContainer : 16] EngagementDesigner INFO - EngagementDesigner-3.8.0.0.91001 - Saving the WFD SVAR to DB at deploy time... 
2020-05-19 04:00:32,621 [WebContainer : 16] EngagementDesigner INFO - EngagementDesigner-3.8.0.0.91001 - event family for start node: CallIntercepted
2020-05-19 04:00:32,625 [WebContainer : 16] EngagementDesigner INFO - EngagementDesigner-3.8.0.0.91001 - Subscribed to event: CALL_INTERCEPT_TO_CALLED_PARTY For WFD TC499W53-1. SubscriptionId is: EngagementDesig-3.8.0.0.91001-6383edd7da36fa78cbad44a359350e363eb57948f4e11f9016560612973c019d
2020-05-19 04:00:32,625 [WebContainer : 16] EngagementDesigner INFO - EngagementDesigner-3.8.0.0.91001 - Store WFD in data grid: wfdName = TC499W53 wfdVersion = 1; date = 2020/05/19 04:00:32
2020-05-19 04:00:38,080 [WebContainer : 16] EngagementDesigner INFO - EngagementDesigner-3.8.0.0.91001 -  Creating process instance for ;process: TC499W53; version: 1; StartTime:2020-05-19 04:00:38,080; StartTime(ms):1589875238080
2020-05-19 04:00:38,080 [WebContainer : 16] EngagementDesigner INFO - EngagementDesigner-3.8.0.0.91001 - Created instance for process:TC499W53; version:1
2020-05-19 04:00:38,080 [WebContainer : 16] EngagementDesigner INFO - EngagementDesigner-3.8.0.0.91001 - -----------&gt;&gt;&gt;&gt;{"reason":"","shortReason":"","callingParty":{"domain":"","display":"","handle":""},"appid":"","calledParty":{"domain":"","display":"","handle":""},"eventingParty":{"domain":"","display":"","handle":""},"timeOfEvent":"","ucid":""}
2020-05-19 04:00:38,107 [WebContainer : 16] EngagementDesigner INFO - EngagementDesigner-3.8.0.0.91001 - Try acquiring GSLock on instance: 15074; thread: 2673
2020-05-19 04:00:38,109 [WebContainer : 16] EngagementDesigner INFO - EngagementDesigner-3.8.0.0.91001 - Acquired GSLock on instance: 15074; thread: 2673
2020-05-19 04:00:38,110 [WebContainer : 16] EngagementDesigner INFO - EngagementDesigner-3.8.0.0.91001 -  Got instanceId for ;process: TC499W53; version: 1; InstanceId: 15074; StartTime:2020-05-19 04:00:38,080; StartTime(ms):1589875238080; CreateTime:2020-05-19 04:00:38,109; CreateTime(ms):1589875238109; Diff(ms): 29
2020-05-19 04:00:38,110 [WebContainer : 16] EngagementDesigner INFO - EngagementDesigner-3.8.0.0.91001 - Asset DM IP: 100.20.129.60
2020-05-19 04:00:38,111 [WebContainer : 16] EngagementDesigner INFO - EngagementDesigner-3.8.0.0.91001 - setGlobalVariables: GlobalVariables value is: {"global_prompt":"THIS IS PROMPT USING GLOBAL VARIABLE THIS IS PROMPT USING GLOBAL VARIABLE THIS IS PROMPT USING GLOBAL VARIABLE","VIP":"Yes"}
2020-05-19 04:00:38,111 [WebContainer : 16] EngagementDesigner INFO - EngagementDesigner-3.8.0.0.91001 -  Done creating  Process instance for ;process:TC499W53; version: 1; InstanceId: 15074; endTime: 2020-05-19 04:00:38,111; endTime(ms): 1589875238111
2020-05-19 04:00:38,111 [WebContainer : 16] EngagementDesigner INFO - EngagementDesigner-3.8.0.0.91001 - Instance created.  ;WRID/UCID:null; instanceId: 15074
2020-05-19 04:00:38,112 [WebContainer : 16] EngagementDesigner INFO - EngagementDesigner-3.8.0.0.91001 - __output__ is : [Start]; {"reason":"","shortReason":"","callingParty":{"domain":"","display":"","handle":""},"appid":"","calledParty":{"domain":"","display":"","handle":""},"eventingParty":{"domain":"","display":"","handle":""},"timeOfEvent":"","ucid":""}
2020-05-19 04:00:38,112 [WebContainer : 16] EngagementDesigner INFO - EngagementDesigner-3.8.0.0.91001 - NODE_END ; nodeType:StartEvent ; nodeName:Start ; WRID/UCID: null ; instanceId: 15074 ; nodeId: 1471985569683; StartTime:2020-05-19 04:00:38,111; StartTime(ms):1589875238111; EndTime:2020-05-19 04:00:38,112; EndTime(ms):1589875238112; Diff(ms): 1
2020-05-19 04:00:38,122 [WebContainer : 16] EngagementDesigner INFO - EngagementDesigner-3.8.0.0.91001 - Subscriptions are: [EngagementDesig-3.8.0.0.91001-18461522da61e3cbbece2bb6e5ea8658f9fbe7bc4514c6a0dc485bd69c3e0d05]
2020-05-19 04:00:38,127 [WebContainer : 16] EngagementDesigner INFO - EngagementDesigner-3.8.0.0.91001 - Subscriptions are: [EngagementDesig-3.8.0.0.91001-18461522da61e3cbbece2bb6e5ea8658f9fbe7bc4514c6a0dc485bd69c3e0d05, EngagementDesig-3.8.0.0.91001-3d3941b4df5bd9fec39b27534963f329f661f52ac65ec998287352bbd3336b81]
2020-05-19 04:00:38,129 [WebContainer : 16] EngagementDesigner INFO - EngagementDesigner-3.8.0.0.91001 - NODE_END ; nodeType:TwoPartyCallModel ; nodeName:MakeCall1 ; WRID/UCID: null ; instanceId: 15074 ; nodeId: 1471986237008; StartTime:2020-05-19 04:00:38,112; StartTime(ms):1589875238112; EndTime:2020-05-19 04:00:38,129; EndTime(ms):1589875238129; Diff(ms): 17
2020-05-19 04:00:38,138 [WebContainer : 16] EngagementDesigner INFO - EngagementDesigner-3.8.0.0.91001 - Node instance for id: 1471986237008, node: MakeCall1 is live
2020-05-19 04:00:38,156 [WebContainer : 16] EngagementDesigner INFO - EngagementDesigner-3.8.0.0.91001 - Released GSLock on instance: 15074; thread: 2673
2020-05-19 04:00:41,959 [WorkManager.DefaultWorkManager : 0] EngagementDesigner INFO - EngagementDesigner-3.8.0.0.91001 - Received event: WRID/UCID:00006000161589875238 ; Call_EAC:CALL_ORIGINATED Payload: EventImpl [family=Call_EAC, type=CALL_ORIGINATED, payload=&lt;not shown&gt;, version=1.0, publicationId=1c84-EngagementDesig-3.8.0.0.91001-0e146ca2-29cb-4e6f-8e2f-0a00520a5e4c, subscriptionId=EngagementDesig-3.8.0.0.91001-3d3941b4df5bd9fec39b27534963f329f661f52ac65ec998287352bbd3336b81, consumerName=, consumerVersion=, metadata=EventMetaDataImpl [user=2012061@hcm.com, userAsMatched=null, serviceProfile=Khanh-profile, correlationId=null, producerName=EngagementDesigner, producerVersion=3.8.0.0.91001, valueMap={callId=local.1589860910427_4910!100.20.128.60, wfd-name=TC499W53, wfd-version=1, ucid=00006000161589875238}, isImmutable=true], consumerPrivateData=&lt;not shown&gt;, style=ASYNC, publicationTimestamp=1589875241952]
2020-05-19 04:00:41,979 [pool-39-thread-3] EngagementDesigner INFO - EngagementDesigner-3.8.0.0.91001 - In ack():: condition failed. not sending ack.WRID/UCID:00006000161589875238 ; 1c84-EngagementDesig-3.8.0.0.91001-0e146ca2-29cb-4e6f-8e2f-0a00520a5e4c.EngagementDesig-3.8.0.0.91001-3d3941b4df5bd9fec39b27534963f329f661f52ac65ec998287352bbd3336b81
2020-05-19 04:00:41,980 [pool-39-thread-3] EngagementDesigner INFO - EngagementDesigner-3.8.0.0.91001 - Payload is: {"callingParty":{"handle":"2012061","domain":"hcm.com","display":"trf-cmes1, 2340011","additionalProperties":{}},"calledParty":{"handle":"2012062","domain":"hcm.com","additionalProperties":{}},"eventingParty":{"handle":"2012061","domain":"hcm.com","display":"trf-cmes1, 2340011","additionalProperties":{}},"reason":"call orignated","shortReason":"originated","timeOfEvent":"2020-05-19 04:00:41 EDT","ucid":"00006000161589875238","appid":"local.1589860910427_4910!100.20.128.60","additionalProperties":{}}
2020-05-19 04:00:41,980 [pool-39-thread-3] EngagementDesigner INFO - EngagementDesigner-3.8.0.0.91001 - Try acquiring GSLock on instance: 15074; thread: 7988
2020-05-19 04:00:41,982 [pool-39-thread-3] EngagementDesigner INFO - EngagementDesigner-3.8.0.0.91001 - Acquired GSLock on instance: 15074; thread: 7988
2020-05-19 04:00:41,990 [pool-39-thread-3] EngagementDesigner INFO - EngagementDesigner-3.8.0.0.91001 -  Resuming Process Instance with COMPLEX TYPE input... ;instanceId: 15074 ;nodeId: null ;activityId: null ;message: (Refer payload above} ;activityName: MakeCall1 ;StartTime:2020-05-19 04:00:41,990
2020-05-19 04:00:41,990 [pool-39-thread-3] EngagementDesigner INFO - EngagementDesigner-3.8.0.0.91001 - ResumeInstance: 15074 thread: 7988
2020-05-19 04:00:41,990 [pool-39-thread-3] EngagementDesigner INFO - EngagementDesigner-3.8.0.0.91001 - synchronized block started for instance id: 15074
2020-05-19 04:00:41,991 [pool-39-thread-3] EngagementDesigner INFO - EngagementDesigner-3.8.0.0.91001 - got current node for the activity MakeCall11471986237008
2020-05-19 04:00:41,991 [pool-39-thread-3] EngagementDesigner INFO - EngagementDesigner-3.8.0.0.91001 -  Now resuming instance TC499W53 instance id 15074 from node nameMakeCall1 and node id 1471986237008
2020-05-19 04:00:41,992 [pool-39-thread-3] EngagementDesigner INFO - EngagementDesigner-3.8.0.0.91001 - __output__ is : [MakeCall1]; {"reason":"call orignated","shortReason":"originated","callingParty":{"domain":"hcm.com","display":"trf-cmes1, 2340011","handle":"2012061","additionalProperties":{}},"answeringParty":"2012061","appid":"local.1589860910427_4910!100.20.128.60","calledParty":{"domain":"hcm.com","handle":"2012062","additionalProperties":{}},"additionalProperties":{},"eventingParty":{"domain":"hcm.com","display":"trf-cmes1, 2340011","handle":"2012061","additionalProperties":{}},"timeOfEvent":"2020-05-19 04:00:41 EDT","ucid":"00006000161589875238"}
2020-05-19 04:00:41,992 [pool-39-thread-3] EngagementDesigner INFO - EngagementDesigner-3.8.0.0.91001 - ASYNC_NODE_END ; nodeType:TwoPartyCallModel ; nodeName:MakeCall1 ; WRID/UCID: null ; instanceId: 15074 ; nodeId: 1471986237008; EndTime:2020-05-19 04:00:41,992; EndTime(ms):1589875241992
2020-05-19 04:00:41,992 [pool-39-thread-3] EngagementDesigner INFO - EngagementDesigner-3.8.0.0.91001 - Putting live tokens on all outgoing connectionsMakeCall1
2020-05-19 04:00:41,993 [pool-39-thread-3] EngagementDesigner INFO - EngagementDesigner-3.8.0.0.91001 - __input__ is : [PlayAndCollect1]; {"ucid":"local.1589860910427_4910!100.20.128.60"}
2020-05-19 04:00:41,998 [pool-39-thread-3] EngagementDesigner INFO - EngagementDesigner-3.8.0.0.91001 - Subscriptions are: [EngagementDesig-3.8.0.0.91001-0555610b272ab8ee8b38465407d8e8bbfb08310275391c222b7f2bd49bb34690]
2020-05-19 04:00:42,004 [pool-39-thread-3] EngagementDesigner INFO - EngagementDesigner-3.8.0.0.91001 - Subscriptions are: [EngagementDesig-3.8.0.0.91001-0555610b272ab8ee8b38465407d8e8bbfb08310275391c222b7f2bd49bb34690, EngagementDesig-3.8.0.0.91001-8a86f91784606e337af3352fdd9296e3f0d6d54389348377f90e873a13fadc24]
2020-05-19 04:00:42,004 [pool-39-thread-3] EngagementDesigner INFO - EngagementDesigner-3.8.0.0.91001 - NODE_END ; nodeType:PlayCollectModel ; nodeName:PlayAndCollect1 ; WRID/UCID: null ; instanceId: 15074 ; nodeId: 1471985836989; StartTime:2020-05-19 04:00:41,992; StartTime(ms):1589875241992; EndTime:2020-05-19 04:00:42,004; EndTime(ms):1589875242004; Diff(ms): 12
2020-05-19 04:00:42,012 [pool-39-thread-3] EngagementDesigner INFO - EngagementDesigner-3.8.0.0.91001 -  Done Resuming Process Instance with COMPLEX TYPE input... ;instanceId: 15074 ;task id: null ;activityId: 1471986237008 ;message: {"callingParty":{"handle":"2012061","domain":"hcm.com","display":"trf-cmes1, 2340011","additionalProperties":{}},"calledParty":{"handle":"2012062","domain":"hcm.com","additionalProperties":{}},"eventingParty":{"handle":"2012061","domain":"hcm.com","display":"trf-cmes1, 2340011","additionalProperties":{}},"reason":"call orignated","shortReason":"originated","timeOfEvent":"2020-05-19 04:00:41 EDT","ucid":"00006000161589875238","appid":"local.1589860910427_4910!100.20.128.60","additionalProperties":{}} ;activityName: MakeCall1; StartTime:2020-05-19 04:00:41,990; StartTime(ms):1589875241990; EndTime:2020-05-19 04:00:42,012; EndTime(ms):1589875242012; Diff(ms): 22
2020-05-19 04:00:42,013 [pool-39-thread-3] EngagementDesigner INFO - EngagementDesigner-3.8.0.0.91001 - Event: 45343 deleted successfully !!
2020-05-19 04:00:42,020 [pool-39-thread-3] EngagementDesigner INFO - EngagementDesigner-3.8.0.0.91001 - Released GSLock on instance: 15074; thread: 7988
2020-05-19 04:00:45,719 [WorkManager.DefaultWorkManager : 0] EngagementDesigner INFO - EngagementDesigner-3.8.0.0.91001 - Received event: WRID/UCID:00006000161589875238 ; Call_EAC:CALL_ENDED Payload: EventImpl [family=Call_EAC, type=CALL_ENDED, payload=&lt;not shown&gt;, version=1.0, publicationId=1c84-EngagementDesig-3.8.0.0.91001-06ab496b-c1f2-4c26-b317-466afb2a78b6, subscriptionId=EngagementDesig-3.8.0.0.91001-0555610b272ab8ee8b38465407d8e8bbfb08310275391c222b7f2bd49bb34690, consumerName=, consumerVersion=, metadata=EventMetaDataImpl [user=null, userAsMatched=null, serviceProfile=null, correlationId=null, producerName=EngagementDesigner, producerVersion=3.8.0.0.91001, valueMap={callId=local.1589860910427_4910!100.20.128.60, wfd-name=TC499W53, wfd-version=1, ucid=00006000161589875238}, isImmutable=true], consumerPrivateData=&lt;not shown&gt;, style=ASYNC, publicationTimestamp=1589875245714]
2020-05-19 04:00:45,736 [pool-39-thread-4] EngagementDesigner INFO - EngagementDesigner-3.8.0.0.91001 - In ack():: condition failed. not sending ack.WRID/UCID:00006000161589875238 ; 1c84-EngagementDesig-3.8.0.0.91001-06ab496b-c1f2-4c26-b317-466afb2a78b6.EngagementDesig-3.8.0.0.91001-0555610b272ab8ee8b38465407d8e8bbfb08310275391c222b7f2bd49bb34690
2020-05-19 04:00:45,737 [pool-39-thread-4] EngagementDesigner INFO - EngagementDesigner-3.8.0.0.91001 - Payload is: {"callingParty":{"handle":"2012061","domain":"hcm.com","display":"trf-cmes1, 2340011","additionalProperties":{}},"calledParty":{"handle":"2012062","domain":"hcm.com","display":"trf-cmes1, 2012062","additionalProperties":{}},"reason":"Call cleared normally","shortReason":"AFTER_ANSWER","timeOfEvent":"2020-05-19 04:00:45 EDT","ucid":"00006000161589875238","appid":"local.1589860910427_4910!100.20.128.60","additionalProperties":{}}
2020-05-19 04:00:45,737 [pool-39-thread-4] EngagementDesigner INFO - EngagementDesigner-3.8.0.0.91001 - Try acquiring GSLock on instance: 15074; thread: 7994
2020-05-19 04:00:45,739 [pool-39-thread-4] EngagementDesigner INFO - EngagementDesigner-3.8.0.0.91001 - Acquired GSLock on instance: 15074; thread: 7994
2020-05-19 04:00:45,746 [pool-39-thread-4] EngagementDesigner INFO - EngagementDesigner-3.8.0.0.91001 -  Resuming Process Instance with COMPLEX TYPE input... ;instanceId: 15074 ;nodeId: null ;activityId: null ;message: (Refer payload above} ;activityName: PlayAndCollect1 ;StartTime:2020-05-19 04:00:45,746
2020-05-19 04:00:45,747 [pool-39-thread-4] EngagementDesigner INFO - EngagementDesigner-3.8.0.0.91001 - ResumeInstance: 15074 thread: 7994
2020-05-19 04:00:45,747 [pool-39-thread-4] EngagementDesigner INFO - EngagementDesigner-3.8.0.0.91001 - synchronized block started for instance id: 15074
2020-05-19 04:00:45,747 [pool-39-thread-4] EngagementDesigner INFO - EngagementDesigner-3.8.0.0.91001 - got current node for the activity PlayAndCollect11471985836989
2020-05-19 04:00:45,747 [pool-39-thread-4] EngagementDesigner INFO - EngagementDesigner-3.8.0.0.91001 -  Now resuming instance TC499W53 instance id 15074 from node namePlayAndCollect1 and node id 1471985836989
2020-05-19 04:00:45,747 [pool-39-thread-4] EngagementDesigner INFO - EngagementDesigner-3.8.0.0.91001 - __output__ is : [PlayAndCollect1]; {"reason":"Call cleared normally","shortReason":"AFTER_ANSWER","callingParty":{"domain":"hcm.com","display":"trf-cmes1, 2340011","handle":"2012061","additionalProperties":{}},"appid":"local.1589860910427_4910!100.20.128.60","calledParty":{"domain":"hcm.com","display":"trf-cmes1, 2012062","handle":"2012062","additionalProperties":{}},"additionalProperties":{},"timeOfEvent":"2020-05-19 04:00:45 EDT","ucid":"00006000161589875238"}
2020-05-19 04:00:45,748 [pool-39-thread-4] EngagementDesigner INFO - EngagementDesigner-3.8.0.0.91001 - ASYNC_NODE_END ; nodeType:PlayCollectModel ; nodeName:PlayAndCollect1 ; WRID/UCID: null ; instanceId: 15074 ; nodeId: 1471985836989; EndTime:2020-05-19 04:00:45,748; EndTime(ms):1589875245748
2020-05-19 04:00:45,748 [pool-39-thread-4] EngagementDesigner INFO - EngagementDesigner-3.8.0.0.91001 - Putting live tokens on all outgoing connectionsPlayAndCollect1
2020-05-19 04:00:45,748 [pool-39-thread-4] EngagementDesigner INFO - EngagementDesigner-3.8.0.0.91001 - NODE_END ; nodeType:EndEvent ; nodeName:End1 ; WRID/UCID: null ; instanceId: 15074 ; nodeId: 1471986244022; StartTime:2020-05-19 04:00:45,748; StartTime(ms):1589875245748; EndTime:2020-05-19 04:00:45,748; EndTime(ms):1589875245748; Diff(ms): 0
2020-05-19 04:00:45,754 [pool-39-thread-4] EngagementDesigner INFO - EngagementDesigner-3.8.0.0.91001 - Instance completed 15074
2020-05-19 04:00:45,754 [pool-39-thread-4] EngagementDesigner INFO - EngagementDesigner-3.8.0.0.91001 - Removing instance from map : 15074
2020-05-19 04:00:45,759 [pool-39-thread-4] EngagementDesigner INFO - EngagementDesigner-3.8.0.0.91001 -  Done Resuming Process Instance with COMPLEX TYPE input... ;instanceId: 15074 ;task id: null ;activityId: 1471985836989 ;message: {"callingParty":{"handle":"2012061","domain":"hcm.com","display":"trf-cmes1, 2340011","additionalProperties":{}},"calledParty":{"handle":"2012062","domain":"hcm.com","display":"trf-cmes1, 2012062","additionalProperties":{}},"reason":"Call cleared normally","shortReason":"AFTER_ANSWER","timeOfEvent":"2020-05-19 04:00:45 EDT","ucid":"00006000161589875238","appid":"local.1589860910427_4910!100.20.128.60","additionalProperties":{}} ;activityName: PlayAndCollect1; StartTime:2020-05-19 04:00:45,746; StartTime(ms):1589875245746; EndTime:2020-05-19 04:00:45,759; EndTime(ms):1589875245759; Diff(ms): 13
2020-05-19 04:00:45,766 [pool-39-thread-4] EngagementDesigner INFO - EngagementDesigner-3.8.0.0.91001 - Publishing event for instance completed: null
2020-05-19 04:00:45,767 [pool-39-thread-4] EngagementDesigner INFO - EngagementDesigner-3.8.0.0.91001 - Event: 45344 deleted successfully !!
2020-05-19 04:00:45,777 [pool-39-thread-4] EngagementDesigner INFO - EngagementDesigner-3.8.0.0.91001 - Released GSLock on instance: 15074; thread: 7994
2020-05-19 04:01:00,090 [WebContainer : 16] EngagementDesigner INFO - EngagementDesigner-3.8.0.0.91001 -  Creating process instance for ;process: TC499W53; version: 1; StartTime:2020-05-19 04:01:00,090; StartTime(ms):1589875260090
2020-05-19 04:01:00,090 [WebContainer : 16] EngagementDesigner INFO - EngagementDesigner-3.8.0.0.91001 - Created instance for process:TC499W53; version:1
2020-05-19 04:01:00,090 [WebContainer : 16] EngagementDesigner INFO - EngagementDesigner-3.8.0.0.91001 - -----------&gt;&gt;&gt;&gt;{"reason":"","shortReason":"","callingParty":{"domain":"","display":"","handle":""},"appid":"","calledParty":{"domain":"","display":"","handle":""},"eventingParty":{"domain":"","display":"","handle":""},"timeOfEvent":"","ucid":""}
2020-05-19 04:01:00,096 [WebContainer : 16] EngagementDesigner INFO - EngagementDesigner-3.8.0.0.91001 - Try acquiring GSLock on instance: 15075; thread: 2673
2020-05-19 04:01:00,097 [WebContainer : 16] EngagementDesigner INFO - EngagementDesigner-3.8.0.0.91001 - Acquired GSLock on instance: 15075; thread: 2673
2020-05-19 04:01:00,097 [WebContainer : 16] EngagementDesigner INFO - EngagementDesigner-3.8.0.0.91001 -  Got instanceId for ;process: TC499W53; version: 1; InstanceId: 15075; StartTime:2020-05-19 04:01:00,090; StartTime(ms):1589875260090; CreateTime:2020-05-19 04:01:00,097; CreateTime(ms):1589875260097; Diff(ms): 7
2020-05-19 04:01:00,098 [WebContainer : 16] EngagementDesigner INFO - EngagementDesigner-3.8.0.0.91001 - Asset DM IP: 100.20.129.60
2020-05-19 04:01:00,099 [WebContainer : 16] EngagementDesigner INFO - EngagementDesigner-3.8.0.0.91001 - setGlobalVariables: GlobalVariables value is: {"global_prompt":"THIS IS PROMPT USING GLOBAL VARIABLE THIS IS PROMPT USING GLOBAL VARIABLE THIS IS PROMPT USING GLOBAL VARIABLE","VIP":"Yes"}
2020-05-19 04:01:00,099 [WebContainer : 16] EngagementDesigner INFO - EngagementDesigner-3.8.0.0.91001 -  Done creating  Process instance for ;process:TC499W53; version: 1; InstanceId: 15075; endTime: 2020-05-19 04:01:00,099; endTime(ms): 1589875260099
2020-05-19 04:01:00,099 [WebContainer : 16] EngagementDesigner INFO - EngagementDesigner-3.8.0.0.91001 - Instance created.  ;WRID/UCID:null; instanceId: 15075
2020-05-19 04:01:00,099 [WebContainer : 16] EngagementDesigner INFO - EngagementDesigner-3.8.0.0.91001 - __output__ is : [Start]; {"reason":"","shortReason":"","callingParty":{"domain":"","display":"","handle":""},"appid":"","calledParty":{"domain":"","display":"","handle":""},"eventingParty":{"domain":"","display":"","handle":""},"timeOfEvent":"","ucid":""}
2020-05-19 04:01:00,100 [WebContainer : 16] EngagementDesigner INFO - EngagementDesigner-3.8.0.0.91001 - NODE_END ; nodeType:StartEvent ; nodeName:Start ; WRID/UCID: null ; instanceId: 15075 ; nodeId: 1471985569683; StartTime:2020-05-19 04:01:00,099; StartTime(ms):1589875260099; EndTime:2020-05-19 04:01:00,100; EndTime(ms):1589875260100; Diff(ms): 1
2020-05-19 04:01:00,109 [WebContainer : 16] EngagementDesigner INFO - EngagementDesigner-3.8.0.0.91001 - Subscriptions are: [EngagementDesig-3.8.0.0.91001-1c0e587d267b1f5b1c1b6c413ab6e3c0f9823174fb083e88bbac21c2f3448566]
2020-05-19 04:01:00,112 [WebContainer : 16] EngagementDesigner INFO - EngagementDesigner-3.8.0.0.91001 - Subscriptions are: [EngagementDesig-3.8.0.0.91001-1c0e587d267b1f5b1c1b6c413ab6e3c0f9823174fb083e88bbac21c2f3448566, EngagementDesig-3.8.0.0.91001-a610ecfedcc18cb5d3e58e63004747931b76255aea0128936f6c809625b0df74]
2020-05-19 04:01:00,114 [WebContainer : 16] EngagementDesigner INFO - EngagementDesigner-3.8.0.0.91001 - NODE_END ; nodeType:TwoPartyCallModel ; nodeName:MakeCall1 ; WRID/UCID: null ; instanceId: 15075 ; nodeId: 1471986237008; StartTime:2020-05-19 04:01:00,100; StartTime(ms):1589875260100; EndTime:2020-05-19 04:01:00,114; EndTime(ms):1589875260114; Diff(ms): 14
2020-05-19 04:01:00,122 [WebContainer : 16] EngagementDesigner INFO - EngagementDesigner-3.8.0.0.91001 - Node instance for id: 1471986237008, node: MakeCall1 is live
2020-05-19 04:01:00,138 [WebContainer : 16] EngagementDesigner INFO - EngagementDesigner-3.8.0.0.91001 - Released GSLock on instance: 15075; thread: 2673
2020-05-19 04:01:01,475 [WorkManager.DefaultWorkManager : 0] EngagementDesigner INFO - EngagementDesigner-3.8.0.0.91001 - Received event: WRID/UCID:00006000171589875260 ; Call_EAC:CALL_ORIGINATED Payload: EventImpl [family=Call_EAC, type=CALL_ORIGINATED, payload=&lt;not shown&gt;, version=1.0, publicationId=1c84-EngagementDesig-3.8.0.0.91001-02a5a52d-0e1f-4378-a2cf-ff56e40d83a9, subscriptionId=EngagementDesig-3.8.0.0.91001-a610ecfedcc18cb5d3e58e63004747931b76255aea0128936f6c809625b0df74, consumerName=, consumerVersion=, metadata=EventMetaDataImpl [user=2012061@hcm.com, userAsMatched=null, serviceProfile=Khanh-profile, correlationId=null, producerName=EngagementDesigner, producerVersion=3.8.0.0.91001, valueMap={callId=local.1589860910427_4927!100.20.128.60, wfd-name=TC499W53, wfd-version=1, ucid=00006000171589875260}, isImmutable=true], consumerPrivateData=&lt;not shown&gt;, style=ASYNC, publicationTimestamp=1589875261458]
2020-05-19 04:01:01,517 [pool-39-thread-5] EngagementDesigner INFO - EngagementDesigner-3.8.0.0.91001 - In ack():: condition failed. not sending ack.WRID/UCID:00006000171589875260 ; 1c84-EngagementDesig-3.8.0.0.91001-02a5a52d-0e1f-4378-a2cf-ff56e40d83a9.EngagementDesig-3.8.0.0.91001-a610ecfedcc18cb5d3e58e63004747931b76255aea0128936f6c809625b0df74
2020-05-19 04:01:01,518 [pool-39-thread-5] EngagementDesigner INFO - EngagementDesigner-3.8.0.0.91001 - Payload is: {"callingParty":{"handle":"2012061","domain":"hcm.com","display":"trf-cmes1, 2340011","additionalProperties":{}},"calledParty":{"handle":"2012062","domain":"hcm.com","additionalProperties":{}},"eventingParty":{"handle":"2012061","domain":"hcm.com","display":"trf-cmes1, 2340011","additionalProperties":{}},"reason":"call orignated","shortReason":"originated","timeOfEvent":"2020-05-19 04:01:01 EDT","ucid":"00006000171589875260","appid":"local.1589860910427_4927!100.20.128.60","additionalProperties":{}}
2020-05-19 04:01:01,518 [pool-39-thread-5] EngagementDesigner INFO - EngagementDesigner-3.8.0.0.91001 - Try acquiring GSLock on instance: 15075; thread: 8010
2020-05-19 04:01:01,520 [pool-39-thread-5] EngagementDesigner INFO - EngagementDesigner-3.8.0.0.91001 - Acquired GSLock on instance: 15075; thread: 8010
2020-05-19 04:01:01,528 [pool-39-thread-5] EngagementDesigner INFO - EngagementDesigner-3.8.0.0.91001 -  Resuming Process Instance with COMPLEX TYPE input... ;instanceId: 15075 ;nodeId: null ;activityId: null ;message: (Refer payload above} ;activityName: MakeCall1 ;StartTime:2020-05-19 04:01:01,528
2020-05-19 04:01:01,528 [pool-39-thread-5] EngagementDesigner INFO - EngagementDesigner-3.8.0.0.91001 - ResumeInstance: 15075 thread: 8010
2020-05-19 04:01:01,528 [pool-39-thread-5] EngagementDesigner INFO - EngagementDesigner-3.8.0.0.91001 - synchronized block started for instance id: 15075
2020-05-19 04:01:01,528 [pool-39-thread-5] EngagementDesigner INFO - EngagementDesigner-3.8.0.0.91001 - got current node for the activity MakeCall11471986237008
2020-05-19 04:01:01,528 [pool-39-thread-5] EngagementDesigner INFO - EngagementDesigner-3.8.0.0.91001 -  Now resuming instance TC499W53 instance id 15075 from node nameMakeCall1 and node id 1471986237008
2020-05-19 04:01:01,531 [pool-39-thread-5] EngagementDesigner INFO - EngagementDesigner-3.8.0.0.91001 - __output__ is : [MakeCall1]; {"reason":"call orignated","shortReason":"originated","callingParty":{"domain":"hcm.com","display":"trf-cmes1, 2340011","handle":"2012061","additionalProperties":{}},"answeringParty":"2012061","appid":"local.1589860910427_4927!100.20.128.60","calledParty":{"domain":"hcm.com","handle":"2012062","additionalProperties":{}},"additionalProperties":{},"eventingParty":{"domain":"hcm.com","display":"trf-cmes1, 2340011","handle":"2012061","additionalProperties":{}},"timeOfEvent":"2020-05-19 04:01:01 EDT","ucid":"00006000171589875260"}
[...]
2020-05-19 04:11:25,150 [pool-39-thread-13] EngagementDesigner INFO - EngagementDesigner-3.8.0.0.91001 - In ack():: condition failed. not sending ack.WRID/UCID:00006000211589875876 ; 1c84-EngagementDesig-3.8.0.0.91001-74d60ba8-c58b-4782-88e0-3d911d986ea3.EngagementDesig-3.8.0.0.91001-616f58e786fc516adad02d3fb3fb24fdd00839ac5cd7944fe82ed70dbce504ea
2020-05-19 04:11:25,150 [pool-39-thread-13] EngagementDesigner INFO - EngagementDesigner-3.8.0.0.91001 - Payload is: {"ucid":"00006000211589875876","status":"COMPLETE"}
2020-05-19 04:11:25,151 [pool-39-thread-13] EngagementDesigner INFO - EngagementDesigner-3.8.0.0.91001 - Try acquiring GSLock on instance: 15079; thread: 8890
2020-05-19 04:11:25,153 [pool-39-thread-13] EngagementDesigner INFO - EngagementDesigner-3.8.0.0.91001 - Acquired GSLock on instance: 15079; thread: 8890
2020-05-19 04:11:25,163 [pool-39-thread-13] EngagementDesigner INFO - EngagementDesigner-3.8.0.0.91001 -  Resuming Process Instance with COMPLEX TYPE input... ;instanceId: 15079 ;nodeId: null ;activityId: null ;message: (Refer payload above} ;activityName: PlayAnnouncement11 ;StartTime:2020-05-19 04:11:25,163
2020-05-19 04:11:25,163 [pool-39-thread-13] EngagementDesigner INFO - EngagementDesigner-3.8.0.0.91001 - ResumeInstance: 15079 thread: 8890
2020-05-19 04:11:25,163 [pool-39-thread-13] EngagementDesigner INFO - EngagementDesigner-3.8.0.0.91001 - synchronized block started for instance id: 15079
2020-05-19 04:11:25,163 [pool-39-thread-13] EngagementDesigner INFO - EngagementDesigner-3.8.0.0.91001 - got current node for the activity PlayAnnouncement111586762354591
2020-05-19 04:11:25,163 [pool-39-thread-13] EngagementDesigner INFO - EngagementDesigner-3.8.0.0.91001 -  Now resuming instance TC1728WF8974_Called_Node_var instance id 15079 from node namePlayAnnouncement11 and node id 1586762354591
2020-05-19 04:11:25,164 [pool-39-thread-13] EngagementDesigner INFO - EngagementDesigner-3.8.0.0.91001 - __output__ is : [PlayAnnouncement11]; {"ucid":"00006000211589875876","status":"COMPLETE"}
2020-05-19 04:11:25,164 [pool-39-thread-13] EngagementDesigner INFO - EngagementDesigner-3.8.0.0.91001 - ASYNC_NODE_END ; nodeType:PlayAnnouncementModel ; nodeName:PlayAnnouncement11 ; WRID/UCID: 00006000211589875876 ; instanceId: 15079 ; nodeId: 1586762354591; EndTime:2020-05-19 04:11:25,164; EndTime(ms):1589875885164
2020-05-19 04:11:25,164 [pool-39-thread-13] EngagementDesigner INFO - EngagementDesigner-3.8.0.0.91001 - Putting live tokens on all outgoing connectionsPlayAnnouncement11
2020-05-19 04:11:25,166 [pool-39-thread-13] EngagementDesigner INFO - EngagementDesigner-3.8.0.0.91001 - __input__ is : [AllowCall11]; {"ucid":"local.1589860910427_5180!100.20.128.60"}
2020-05-19 04:11:25,169 [pool-39-thread-13] EngagementDesigner INFO - EngagementDesigner-3.8.0.0.91001 - __output__ is : [AllowCall11]; {"ucid":"local.1589860910427_5180!100.20.128.60","status":"SUCCESS"}
2020-05-19 04:11:25,169 [pool-39-thread-13] EngagementDesigner INFO - EngagementDesigner-3.8.0.0.91001 - NODE_END ; nodeType:CallAllowModel ; nodeName:AllowCall11 ; WRID/UCID: 00006000211589875876 ; instanceId: 15079 ; nodeId: 1586762354590; StartTime:2020-05-19 04:11:25,166; StartTime(ms):1589875885166; EndTime:2020-05-19 04:11:25,169; EndTime(ms):1589875885169; Diff(ms): 3
2020-05-19 04:11:25,170 [pool-39-thread-13] EngagementDesigner INFO - EngagementDesigner-3.8.0.0.91001 - NODE_END ; nodeType:EndEvent ; nodeName:End11 ; WRID/UCID: 00006000211589875876 ; instanceId: 15079 ; nodeId: 1586762354589; StartTime:2020-05-19 04:11:25,169; StartTime(ms):1589875885169; EndTime:2020-05-19 04:11:25,170; EndTime(ms):1589875885170; Diff(ms): 1
2020-05-19 04:11:25,177 [pool-39-thread-13] EngagementDesigner INFO - EngagementDesigner-3.8.0.0.91001 - Node instance for id: 1586762071283, node: Receive1 is live
2020-05-19 04:11:25,180 [pool-39-thread-13] EngagementDesigner INFO - EngagementDesigner-3.8.0.0.91001 - Node instance for id: 1586762071283, node: Receive1 is live
2020-05-19 04:11:25,181 [pool-39-thread-13] EngagementDesigner INFO - EngagementDesigner-3.8.0.0.91001 -  Done Resuming Process Instance with COMPLEX TYPE input... ;instanceId: 15079 ;task id: null ;activityId: 1586762354591 ;message: {"ucid":"00006000211589875876","status":"COMPLETE"} ;activityName: PlayAnnouncement11; StartTime:2020-05-19 04:11:25,163; StartTime(ms):1589875885163; EndTime:2020-05-19 04:11:25,181; EndTime(ms):1589875885181; Diff(ms): 18
2020-05-19 04:11:25,182 [pool-39-thread-13] EngagementDesigner INFO - EngagementDesigner-3.8.0.0.91001 - Event: 45353 deleted successfully !!
2020-05-19 04:11:25,193 [pool-39-thread-13] EngagementDesigner INFO - EngagementDesigner-3.8.0.0.91001 - Released GSLock on instance: 15079; thread: 8890
2020-05-19 04:11:38,724 [WorkManager.DefaultWorkManager : 0] EngagementDesigner INFO - EngagementDesigner-3.8.0.0.91001 - Received event: WRID/UCID:00006000211589875876 ; Call_EAC:CALL_ENDED Payload: EventImpl [family=Call_EAC, type=CALL_ENDED, payload=&lt;not shown&gt;, version=1.0, publicationId=1c84-EngagementDesig-3.8.0.0.91001-d70d0621-e8b6-49e7-af48-69e115430247, subscriptionId=EngagementDesig-3.8.0.0.91001-c994e4b4e610cf365de2ad1cf86272d63add7a96e9c2117b4592242eaefbafb7, consumerName=, consumerVersion=, metadata=EventMetaDataImpl [user=null, userAsMatched=null, serviceProfile=null, correlationId=null, producerName=EngagementDesigner, producerVersion=3.8.0.0.91001, valueMap={callId=local.1589860910427_5176!100.20.128.60, ucid=00006000211589875876}, isImmutable=true], consumerPrivateData=&lt;not shown&gt;, style=ASYNC, publicationTimestamp=1589875898720]
2020-05-19 04:11:38,737 [pool-39-thread-14] EngagementDesigner INFO - EngagementDesigner-3.8.0.0.91001 - In ack():: condition failed. not sending ack.WRID/UCID:00006000211589875876 ; 1c84-EngagementDesig-3.8.0.0.91001-d70d0621-e8b6-49e7-af48-69e115430247.EngagementDesig-3.8.0.0.91001-c994e4b4e610cf365de2ad1cf86272d63add7a96e9c2117b4592242eaefbafb7
2020-05-19 04:11:38,738 [pool-39-thread-14] EngagementDesigner INFO - EngagementDesigner-3.8.0.0.91001 - Payload is: {"callingParty":{"handle":"2012061","domain":"hcm.com","display":"trf-cmes1, 2340011","additionalProperties":{}},"calledParty":{"handle":"2012062","domain":"hcm.com","display":"trf-cmes1, 2012062","additionalProperties":{}},"reason":"Call cleared normally","shortReason":"AFTER_ANSWER","timeOfEvent":"2020-05-19 04:11:38 EDT","ucid":"00006000211589875876","appid":"local.1589860910427_5176!100.20.128.60","additionalProperties":{}}
2020-05-19 04:11:38,738 [pool-39-thread-14] EngagementDesigner INFO - EngagementDesigner-3.8.0.0.91001 - Try acquiring GSLock on instance: 15079; thread: 8892
2020-05-19 04:11:38,739 [pool-39-thread-14] EngagementDesigner INFO - EngagementDesigner-3.8.0.0.91001 - Acquired GSLock on instance: 15079; thread: 8892
2020-05-19 04:11:38,752 [pool-39-thread-14] EngagementDesigner INFO - EngagementDesigner-3.8.0.0.91001 -  Resuming Process Instance with COMPLEX TYPE input... ;instanceId: 15079 ;nodeId: null ;activityId: null ;message: (Refer payload above} ;activityName: Receive1 ;StartTime:2020-05-19 04:11:38,752
2020-05-19 04:11:38,752 [pool-39-thread-14] EngagementDesigner INFO - EngagementDesigner-3.8.0.0.91001 - ResumeInstance: 15079 thread: 8892
2020-05-19 04:11:38,752 [pool-39-thread-14] EngagementDesigner INFO - EngagementDesigner-3.8.0.0.91001 - synchronized block started for instance id: 15079
2020-05-19 04:11:38,752 [pool-39-thread-14] EngagementDesigner INFO - EngagementDesigner-3.8.0.0.91001 - got current node for the activity Receive11586762071283
2020-05-19 04:11:38,752 [pool-39-thread-14] EngagementDesigner INFO - EngagementDesigner-3.8.0.0.91001 -  Now resuming instance TC1728WF8974_Called_Node_var instance id 15079 from node nameReceive1 and node id 1586762071283
2020-05-19 04:11:38,753 [pool-39-thread-14] EngagementDesigner INFO - EngagementDesigner-3.8.0.0.91001 - __output__ is : [Receive1]; {"reason":"Call cleared normally","shortReason":"AFTER_ANSWER","callingParty":{"domain":"hcm.com","display":"trf-cmes1, 2340011","handle":"2012061","additionalProperties":{}},"appid":"local.1589860910427_5176!100.20.128.60","calledParty":{"domain":"hcm.com","display":"trf-cmes1, 2012062","handle":"2012062","additionalProperties":{}},"additionalProperties":{},"timeOfEvent":"2020-05-19 04:11:38 EDT","ucid":"00006000211589875876"}
2020-05-19 04:11:38,753 [pool-39-thread-14] EngagementDesigner INFO - EngagementDesigner-3.8.0.0.91001 - ASYNC_NODE_END ; nodeType:ReceiveTask ; nodeName:Receive1 ; WRID/UCID: 00006000211589875876 ; instanceId: 15079 ; nodeId: 1586762071283; EndTime:2020-05-19 04:11:38,753; EndTime(ms):1589875898753
2020-05-19 04:11:38,753 [pool-39-thread-14] EngagementDesigner INFO - EngagementDesigner-3.8.0.0.91001 - Putting live tokens on all outgoing connectionsReceive1
2020-05-19 04:11:38,754 [WorkManager.DefaultWorkManager : 0] EngagementDesigner INFO - EngagementDesigner-3.8.0.0.91001 - Received event: WRID/UCID:00006000211589875876 ; Call_EAC:CALL_ENDED Payload: EventImpl [family=Call_EAC, type=CALL_ENDED, payload=&lt;not shown&gt;, version=1.0, publicationId=1c84-EngagementDesig-3.8.0.0.91001-5b407b0e-d829-4e0e-93b2-89466dd4f73a, subscriptionId=EngagementDesig-3.8.0.0.91001-c994e4b4e610cf365de2ad1cf86272d63add7a96e9c2117b4592242eaefbafb7, consumerName=, consumerVersion=, metadata=EventMetaDataImpl [user=null, userAsMatched=null, serviceProfile=null, correlationId=null, producerName=EngagementDesigner, producerVersion=3.8.0.0.91001, valueMap={callId=local.1589860910427_5180!100.20.128.60, wfd-name=TC1728WF8974_Called_Node_var, wfd-version=1, ucid=00006000211589875876}, isImmutable=true], consumerPrivateData=&lt;not shown&gt;, style=ASYNC, publicationTimestamp=1589875898747]
2020-05-19 04:11:38,755 [pool-39-thread-14] EngagementDesigner INFO - EngagementDesigner-3.8.0.0.91001 - TerminateInstance: 15079 thread: 8892
2020-05-19 04:11:38,755 [pool-39-thread-14] EngagementDesigner INFO - EngagementDesigner-3.8.0.0.91001 - Node instance for id: 1586762119483, node: Terminate1 is live
2020-05-19 04:11:38,761 [pool-39-thread-15] EngagementDesigner INFO - EngagementDesigner-3.8.0.0.91001 - In ack():: condition failed. not sending ack.WRID/UCID:00006000211589875876 ; 1c84-EngagementDesig-3.8.0.0.91001-5b407b0e-d829-4e0e-93b2-89466dd4f73a.EngagementDesig-3.8.0.0.91001-c994e4b4e610cf365de2ad1cf86272d63add7a96e9c2117b4592242eaefbafb7
2020-05-19 04:11:38,761 [pool-39-thread-14] EngagementDesigner INFO - EngagementDesigner-3.8.0.0.91001 - NODE_END ; nodeType:TerminatingEndEvent ; nodeName:Terminate1 ; WRID/UCID: 00006000211589875876 ; instanceId: 15079 ; nodeId: 1586762119483; StartTime:2020-05-19 04:11:38,755; StartTime(ms):1589875898755; EndTime:2020-05-19 04:11:38,761; EndTime(ms):1589875898761; Diff(ms): 6
2020-05-19 04:11:38,761 [pool-39-thread-15] EngagementDesigner INFO - EngagementDesigner-3.8.0.0.91001 - Payload is: {"callingParty":{"handle":"2012061","domain":"hcm.com","display":"trf-cmes1, 2340011","additionalProperties":{}},"calledParty":{"handle":"2012062","domain":"hcm.com","display":"trf-cmes1, 2012062","additionalProperties":{}},"reason":"Call cleared normally","shortReason":"AFTER_ANSWER","timeOfEvent":"2020-05-19 04:11:38 EDT","ucid":"00006000211589875876","appid":"local.1589860910427_5180!100.20.128.60","additionalProperties":{}}
2020-05-19 04:11:38,761 [pool-39-thread-15] EngagementDesigner INFO - EngagementDesigner-3.8.0.0.91001 - Try acquiring GSLock on instance: 15079; thread: 8893
2020-05-19 04:11:38,762 [pool-39-thread-14] EngagementDesigner INFO - EngagementDesigner-3.8.0.0.91001 - Instance completed 15079
2020-05-19 04:11:38,762 [pool-39-thread-14] EngagementDesigner INFO - EngagementDesigner-3.8.0.0.91001 - Removing instance from map : 15079
2020-05-19 04:11:38,766 [pool-39-thread-14] EngagementDesigner INFO - EngagementDesigner-3.8.0.0.91001 -  Done Resuming Process Instance with COMPLEX TYPE input... ;instanceId: 15079 ;task id: null ;activityId: 1586762071283 ;message: {"callingParty":{"handle":"2012061","domain":"hcm.com","display":"trf-cmes1, 2340011","additionalProperties":{}},"calledParty":{"handle":"2012062","domain":"hcm.com","display":"trf-cmes1, 2012062","additionalProperties":{}},"reason":"Call cleared normally","shortReason":"AFTER_ANSWER","timeOfEvent":"2020-05-19 04:11:38 EDT","ucid":"00006000211589875876","appid":"local.1589860910427_5176!100.20.128.60","additionalProperties":{}} ;activityName: Receive1; StartTime:2020-05-19 04:11:38,752; StartTime(ms):1589875898752; EndTime:2020-05-19 04:11:38,766; EndTime(ms):1589875898766; Diff(ms): 14
2020-05-19 04:11:38,774 [pool-39-thread-14] EngagementDesigner INFO - EngagementDesigner-3.8.0.0.91001 - Publishing event for instance completed: null
2020-05-19 04:11:38,774 [pool-39-thread-14] EngagementDesigner INFO - EngagementDesigner-3.8.0.0.91001 - Event: 45354 deleted successfully !!
2020-05-19 04:11:38,785 [pool-39-thread-14] EngagementDesigner INFO - EngagementDesigner-3.8.0.0.91001 - Released GSLock on instance: 15079; thread: 8892
2020-05-19 04:11:38,792 [pool-39-thread-15] EngagementDesigner INFO - EngagementDesigner-3.8.0.0.91001 - Acquired GSLock on instance: 15079; thread: 8893
2020-05-19 04:11:38,805 [pool-39-thread-15] EngagementDesigner INFO - EngagementDesigner-3.8.0.0.91001 -  Resuming Process Instance with COMPLEX TYPE input... ;instanceId: 15079 ;nodeId: null ;activityId: null ;message: (Refer payload above} ;activityName: Receive1 ;StartTime:2020-05-19 04:11:38,805
2020-05-19 04:11:38,805 [pool-39-thread-15] EngagementDesigner INFO - EngagementDesigner-3.8.0.0.91001 - ResumeInstance: 15079 thread: 8893
2020-05-19 04:11:38,805 [pool-39-thread-15] EngagementDesigner INFO - EngagementDesigner-3.8.0.0.91001 - synchronized block started for instance id: 15079
2020-05-19 04:11:38,805 [pool-39-thread-15] EngagementDesigner INFO - EngagementDesigner-3.8.0.0.91001 - instance is not active return from here: 15079
2020-05-19 04:11:38,806 [pool-39-thread-15] EngagementDesigner INFO - EngagementDesigner-3.8.0.0.91001 - Publishing event for instance completed: null
2020-05-19 04:11:38,807 [pool-39-thread-15] EngagementDesigner INFO - EngagementDesigner-3.8.0.0.91001 - Event: 45355 deleted successfully !!
2020-05-19 04:11:38,811 [pool-39-thread-15] EngagementDesigner INFO - EngagementDesigner-3.8.0.0.91001 - Released GSLock on instance: 15079; thread: 8893
2020-05-19 04:11:52,591 [WebContainer : 3] EngagementDesigner WARN - EngagementDesigner-3.8.0.0.91001 - Issue with call id 'local.1589860910427_5180!100.20.128.60', probably the call is completed ...' contains 'EngagementDesigner ERROR - EngagementDesigner'</msg>
<status status="FAIL" starttime="20200519 15:09:07.886" endtime="20200519 15:09:07.886"></status>
</kw>
<status status="FAIL" starttime="20200519 15:09:04.596" endtime="20200519 15:09:07.886"></status>
</kw>
<kw name="Close Browser" library="browser_03" type="teardown">
<doc>Close web browser</doc>
<msg timestamp="20200519 15:09:07.885" level="INFO">Start function close_browser</msg>
<msg timestamp="20200519 15:09:08.041" level="INFO">close_browser successfully</msg>
<status status="PASS" starttime="20200519 15:09:07.886" endtime="20200519 15:09:08.042"></status>
</kw>
<status status="FAIL" starttime="20200519 15:06:22.971" endtime="20200519 15:09:08.042" critical="yes">'2020-05-19 04:00:29,197 [WebContainer : 16] EngagementDesigner INFO - EngagementDesigner-3.8.0.0.91001 - Undeployed workflow API status: 200 OK
2020-05-19 04:00:29,197 [WebContainer : 16] EngagementDesigner INFO - EngagementDesigner-3.8.0.0.91001 - Successfully undeployed workflow: 200 OK
2020-05-19 04:00:29,197 [WebContainer : 16] EngagementDesigner INFO - EngagementDesigner-3.8.0.0.91001 - No. of Workflows for which undeploy was requested: 1
2020-05-19 04:00:29,197 [WebContainer : 16] EngagementDesigner INFO - EngagementDesigner-3.8.0.0.91001 - No. of Workflows that were successfully undeployed: 1
2020-05-19 04:00:29,197 [WebContainer : 16] EngagementDesigner INFO - EngagementDesigner-3.8.0.0.91001 - No. of Workflows that failed to get undeployed: 0
2020-05-19 04:00:30,667 [WebContainer : 16] EngagementDesigner INFO - EngagementDesigner-3.8.0.0.91001 - writeResponse_doPropertyFill {"returnString":[["TC1728WF8974"]],"returnValue":true}
2020-05-19 04:00:30,921 [WebContainer : 3] EngagementDesigner INFO - EngagementDesigner-3.8.0.0.91001 - ConvSphereReader: processing mxCell
2020-05-19 04:00:30,921 [WebContainer : 3] EngagementDesigner INFO - EngagementDesigner-3.8.0.0.91001 - ConvSphereReader: processing mxCell
2020-05-19 04:00:30,921 [WebContainer : 3] EngagementDesigner INFO - Engage...
    [ Message content over the limit has been removed. ]
2020-05-19 04:11:38,805 [pool-39-thread-15] EngagementDesigner INFO - EngagementDesigner-3.8.0.0.91001 -  Resuming Process Instance with COMPLEX TYPE input... ;instanceId: 15079 ;nodeId: null ;activityId: null ;message: (Refer payload above} ;activityName: Receive1 ;StartTime:2020-05-19 04:11:38,805
2020-05-19 04:11:38,805 [pool-39-thread-15] EngagementDesigner INFO - EngagementDesigner-3.8.0.0.91001 - ResumeInstance: 15079 thread: 8893
2020-05-19 04:11:38,805 [pool-39-thread-15] EngagementDesigner INFO - EngagementDesigner-3.8.0.0.91001 - synchronized block started for instance id: 15079
2020-05-19 04:11:38,805 [pool-39-thread-15] EngagementDesigner INFO - EngagementDesigner-3.8.0.0.91001 - instance is not active return from here: 15079
2020-05-19 04:11:38,806 [pool-39-thread-15] EngagementDesigner INFO - EngagementDesigner-3.8.0.0.91001 - Publishing event for instance completed: null
2020-05-19 04:11:38,807 [pool-39-thread-15] EngagementDesigner INFO - EngagementDesigner-3.8.0.0.91001 - Event: 45355 deleted successfully !!
2020-05-19 04:11:38,811 [pool-39-thread-15] EngagementDesigner INFO - EngagementDesigner-3.8.0.0.91001 - Released GSLock on instance: 15079; thread: 8893
2020-05-19 04:11:52,591 [WebContainer : 3] EngagementDesigner WARN - EngagementDesigner-3.8.0.0.91001 - Issue with call id 'local.1589860910427_5180!100.20.128.60', probably the call is completed ...' contains 'EngagementDesigner ERROR - EngagementDesigner'</status>
</test>
<status status="FAIL" starttime="20200519 15:06:22.795" endtime="20200519 15:09:08.057"></status>
</suite>
<status status="FAIL" starttime="20200519 15:06:22.794" endtime="20200519 15:09:08.057"></status>
</suite>
<status status="FAIL" starttime="20200519 15:06:22.792" endtime="20200519 15:09:08.057"></status>
</suite>
<status status="FAIL" starttime="20200519 15:06:22.776" endtime="20200519 15:09:08.057"></status>
</suite>
<statistics>
<total>
<stat pass="0" fail="1">Critical Tests</stat>
<stat pass="0" fail="1">All Tests</stat>
</total>
<tag>
</tag>
<suite>
<stat pass="0" fail="1" id="s1" name="ED Robot Project">ED Robot Project</stat>
<stat pass="0" fail="1" id="s1-s1" name="ED testsuits">ED Robot Project.ED testsuits</stat>
<stat pass="0" fail="1" id="s1-s1-s1" name="ED3.8 NewContent Rules">ED Robot Project.ED testsuits.ED3.8 NewContent Rules</stat>
<stat pass="0" fail="1" id="s1-s1-s1-s1" name="TC ED WORKFLOW 01">ED Robot Project.ED testsuits.ED3.8 NewContent Rules.TC ED WORKFLOW 01</stat>
</suite>
</statistics>
<errors>
</errors>
</robot>
